The system is: Linux - 4.18.0-80.7.1.el8_0.x86_64 - x86_64
Compiling the C compiler identification source file "CMakeCCompilerId.c" succeeded.
Compiler: /opt/app/spack/opt/spack/linux-centos7-cascadelake/gcc-9.3.0/gcc-9.3.0-dbbauldxrmfyfdgmglkhbhgsr4ijo3ti/bin/gcc 
Build flags: 
Id flags:  

The output was:
0


Compilation of the C compiler identification source "CMakeCCompilerId.c" produced "a.out"

The C compiler identification is GNU, found in "/home/leiyq2024/geant4_work/B0/build/CMakeFiles/3.19.5/CompilerIdC/a.out"

Compiling the CXX compiler identification source file "CMakeCXXCompilerId.cpp" succeeded.
Compiler: /opt/app/spack/opt/spack/linux-centos7-cascadelake/gcc-9.3.0/gcc-9.3.0-dbbauldxrmfyfdgmglkhbhgsr4ijo3ti/bin/g++ 
Build flags: 
Id flags:  

The output was:
0


Compilation of the CXX compiler identification source "CMakeCXXCompilerId.cpp" produced "a.out"

The CXX compiler identification is GNU, found in "/home/leiyq2024/geant4_work/B0/build/CMakeFiles/3.19.5/CompilerIdCXX/a.out"

Detecting C compiler ABI info compiled with the following output:
Change Dir: /home/leiyq2024/geant4_work/B0/build/CMakeFiles/CMakeTmp

Run Build Command(s):/usr/bin/gmake cmTC_877e0/fast && /usr/bin/gmake  -f CMakeFiles/cmTC_877e0.dir/build.make CMakeFiles/cmTC_877e0.dir/build
gmake[1]: Entering directory `/home/leiyq2024/geant4_work/B0/build/CMakeFiles/CMakeTmp'
Building C object CMakeFiles/cmTC_877e0.dir/CMakeCCompilerABI.c.o
/opt/app/spack/opt/spack/linux-centos7-cascadelake/gcc-9.3.0/gcc-9.3.0-dbbauldxrmfyfdgmglkhbhgsr4ijo3ti/bin/gcc   -v -o CMakeFiles/cmTC_877e0.dir/CMakeCCompilerABI.c.o -c /opt/app/spack/opt/spack/linux-centos7-cascadelake/gcc-9.3.0/cmake-3.19.5-3rytwgxrsuwtsrjkxxgnzvm6arm3ihdr/share/cmake-3.19/Modules/CMakeCCompilerABI.c
Reading specs from /opt/app/spack/opt/spack/linux-centos7-cascadelake/gcc-9.3.0/gcc-9.3.0-dbbauldxrmfyfdgmglkhbhgsr4ijo3ti/lib/gcc/x86_64-pc-linux-gnu/9.3.0/specs
COLLECT_GCC=/opt/app/spack/opt/spack/linux-centos7-cascadelake/gcc-9.3.0/gcc-9.3.0-dbbauldxrmfyfdgmglkhbhgsr4ijo3ti/bin/gcc
Target: x86_64-pc-linux-gnu
Configured with: /tmp/root/spack-stage/spack-stage-gcc-9.3.0-dbbauldxrmfyfdgmglkhbhgsr4ijo3ti/spack-src/configure --prefix=/opt/app/spack/opt/spack/linux-centos7-cascadelake/gcc-9.3.0/gcc-9.3.0-dbbauldxrmfyfdgmglkhbhgsr4ijo3ti --with-pkgversion='Spack GCC' --with-bugurl=https://github.com/spack/spack/issues --disable-multilib --enable-languages=c,c++,fortran --disable-nls --with-system-zlib --with-gnu-ld --with-ld=/opt/app/spack/opt/spack/linux-centos7-cascadelake/gcc-9.3.0/binutils-2.36.1-7iujcskw66k22vbebfqlgjpzzde6bm74/bin/ld --with-gnu-as --with-as=/opt/app/spack/opt/spack/linux-centos7-cascadelake/gcc-9.3.0/binutils-2.36.1-7iujcskw66k22vbebfqlgjpzzde6bm74/bin/as --with-mpfr-include=/opt/app/spack/opt/spack/linux-centos7-cascadelake/gcc-9.3.0/mpfr-3.1.6-773abspid47jpmdfla2mtculcat2x6xb/include --with-mpfr-lib=/opt/app/spack/opt/spack/linux-centos7-cascadelake/gcc-9.3.0/mpfr-3.1.6-773abspid47jpmdfla2mtculcat2x6xb/lib --with-gmp-include=/opt/app/spack/opt/spack/linux-centos7-cascadelake/gcc-9.3.0/gmp-6.1.2-iu4ikxmkdtdx7gyzyz4w4srr7rauig4b/include --with-gmp-lib=/opt/app/spack/opt/spack/linux-centos7-cascadelake/gcc-9.3.0/gmp-6.1.2-iu4ikxmkdtdx7gyzyz4w4srr7rauig4b/lib --with-mpc-include=/opt/app/spack/opt/spack/linux-centos7-cascadelake/gcc-9.3.0/mpc-1.1.0-jijf4bvjshzvnf5rr3pms33uhjoqymly/include --with-mpc-lib=/opt/app/spack/opt/spack/linux-centos7-cascadelake/gcc-9.3.0/mpc-1.1.0-jijf4bvjshzvnf5rr3pms33uhjoqymly/lib --without-isl --with-stage1-ldflags='-Wl,-rpath,/opt/app/spack/opt/spack/linux-centos7-cascadelake/gcc-9.3.0/gcc-9.3.0-dbbauldxrmfyfdgmglkhbhgsr4ijo3ti/lib -Wl,-rpath,/opt/app/spack/opt/spack/linux-centos7-cascadelake/gcc-9.3.0/gcc-9.3.0-dbbauldxrmfyfdgmglkhbhgsr4ijo3ti/lib64 -Wl,-rpath,/opt/app/spack/opt/spack/linux-centos7-cascadelake/gcc-9.3.0/mpc-1.1.0-jijf4bvjshzvnf5rr3pms33uhjoqymly/lib -Wl,-rpath,/opt/app/spack/opt/spack/linux-centos7-cascadelake/gcc-9.3.0/zlib-1.2.11-eju6t3rfl2ftmogn234pq6etx4bvc2tb/lib -Wl,-rpath,/opt/app/spack/opt/spack/linux-centos7-cascadelake/gcc-9.3.0/gmp-6.1.2-iu4ikxmkdtdx7gyzyz4w4srr7rauig4b/lib -Wl,-rpath,/opt/app/spack/opt/spack/linux-centos7-cascadelake/gcc-9.3.0/binutils-2.36.1-7iujcskw66k22vbebfqlgjpzzde6bm74/lib -Wl,-rpath,/opt/app/spack/opt/spack/linux-centos7-cascadelake/gcc-9.3.0/mpfr-3.1.6-773abspid47jpmdfla2mtculcat2x6xb/lib' --with-boot-ldflags='-Wl,-rpath,/opt/app/spack/opt/spack/linux-centos7-cascadelake/gcc-9.3.0/gcc-9.3.0-dbbauldxrmfyfdgmglkhbhgsr4ijo3ti/lib -Wl,-rpath,/opt/app/spack/opt/spack/linux-centos7-cascadelake/gcc-9.3.0/gcc-9.3.0-dbbauldxrmfyfdgmglkhbhgsr4ijo3ti/lib64 -Wl,-rpath,/opt/app/spack/opt/spack/linux-centos7-cascadelake/gcc-9.3.0/mpc-1.1.0-jijf4bvjshzvnf5rr3pms33uhjoqymly/lib -Wl,-rpath,/opt/app/spack/opt/spack/linux-centos7-cascadelake/gcc-9.3.0/zlib-1.2.11-eju6t3rfl2ftmogn234pq6etx4bvc2tb/lib -Wl,-rpath,/opt/app/spack/opt/spack/linux-centos7-cascadelake/gcc-9.3.0/gmp-6.1.2-iu4ikxmkdtdx7gyzyz4w4srr7rauig4b/lib -Wl,-rpath,/opt/app/spack/opt/spack/linux-centos7-cascadelake/gcc-9.3.0/binutils-2.36.1-7iujcskw66k22vbebfqlgjpzzde6bm74/lib -Wl,-rpath,/opt/app/spack/opt/spack/linux-centos7-cascadelake/gcc-9.3.0/mpfr-3.1.6-773abspid47jpmdfla2mtculcat2x6xb/lib -static-libstdc++ -static-libgcc'
Thread model: posix
gcc version 9.3.0 (Spack GCC) 
COLLECT_GCC_OPTIONS='-v' '-o' 'CMakeFiles/cmTC_877e0.dir/CMakeCCompilerABI.c.o' '-c' '-mtune=generic' '-march=x86-64'
 /opt/app/spack/opt/spack/linux-centos7-cascadelake/gcc-9.3.0/gcc-9.3.0-dbbauldxrmfyfdgmglkhbhgsr4ijo3ti/libexec/gcc/x86_64-pc-linux-gnu/9.3.0/cc1 -quiet -v /opt/app/spack/opt/spack/linux-centos7-cascadelake/gcc-9.3.0/cmake-3.19.5-3rytwgxrsuwtsrjkxxgnzvm6arm3ihdr/share/cmake-3.19/Modules/CMakeCCompilerABI.c -quiet -dumpbase CMakeCCompilerABI.c -mtune=generic -march=x86-64 -auxbase-strip CMakeFiles/cmTC_877e0.dir/CMakeCCompilerABI.c.o -version -o /tmp/cc2MP6Iw.s
GNU C17 (Spack GCC) version 9.3.0 (x86_64-pc-linux-gnu)
	compiled by GNU C version 9.3.0, GMP version 6.1.2, MPFR version 3.1.6-p2, MPC version 1.1.0, isl version none
GGC heuristics: --param ggc-min-expand=64 --param ggc-min-heapsize=65536
ignoring nonexistent directory "/opt/app/spack/opt/spack/linux-centos7-cascadelake/gcc-9.3.0/gcc-9.3.0-dbbauldxrmfyfdgmglkhbhgsr4ijo3ti/lib/gcc/x86_64-pc-linux-gnu/9.3.0/../../../../x86_64-pc-linux-gnu/include"
#include "..." search starts here:
#include <...> search starts here:
 /opt/app/spack/opt/spack/linux-centos7-cascadelake/gcc-9.3.0/gcc-9.3.0-dbbauldxrmfyfdgmglkhbhgsr4ijo3ti/lib/gcc/x86_64-pc-linux-gnu/9.3.0/include
 /usr/local/include
 /opt/app/spack/opt/spack/linux-centos7-cascadelake/gcc-9.3.0/gcc-9.3.0-dbbauldxrmfyfdgmglkhbhgsr4ijo3ti/include
 /opt/app/spack/opt/spack/linux-centos7-cascadelake/gcc-9.3.0/gcc-9.3.0-dbbauldxrmfyfdgmglkhbhgsr4ijo3ti/lib/gcc/x86_64-pc-linux-gnu/9.3.0/include-fixed
 /usr/include
End of search list.
GNU C17 (Spack GCC) version 9.3.0 (x86_64-pc-linux-gnu)
	compiled by GNU C version 9.3.0, GMP version 6.1.2, MPFR version 3.1.6-p2, MPC version 1.1.0, isl version none
GGC heuristics: --param ggc-min-expand=64 --param ggc-min-heapsize=65536
Compiler executable checksum: 6b8afd6bdf84c6f9891b6f319cc92846
COLLECT_GCC_OPTIONS='-v' '-o' 'CMakeFiles/cmTC_877e0.dir/CMakeCCompilerABI.c.o' '-c' '-mtune=generic' '-march=x86-64'
 /opt/app/spack/opt/spack/linux-centos7-cascadelake/gcc-9.3.0/binutils-2.36.1-7iujcskw66k22vbebfqlgjpzzde6bm74/bin/as -v --64 -o CMakeFiles/cmTC_877e0.dir/CMakeCCompilerABI.c.o /tmp/cc2MP6Iw.s
GNU assembler version 2.36.1 (x86_64-pc-linux-gnu) using BFD version (GNU Binutils) 2.36.1
COMPILER_PATH=/opt/app/spack/opt/spack/linux-centos7-cascadelake/gcc-9.3.0/gcc-9.3.0-dbbauldxrmfyfdgmglkhbhgsr4ijo3ti/libexec/gcc/x86_64-pc-linux-gnu/9.3.0/:/opt/app/spack/opt/spack/linux-centos7-cascadelake/gcc-9.3.0/gcc-9.3.0-dbbauldxrmfyfdgmglkhbhgsr4ijo3ti/libexec/gcc/x86_64-pc-linux-gnu/9.3.0/:/opt/app/spack/opt/spack/linux-centos7-cascadelake/gcc-9.3.0/gcc-9.3.0-dbbauldxrmfyfdgmglkhbhgsr4ijo3ti/libexec/gcc/x86_64-pc-linux-gnu/:/opt/app/spack/opt/spack/linux-centos7-cascadelake/gcc-9.3.0/gcc-9.3.0-dbbauldxrmfyfdgmglkhbhgsr4ijo3ti/lib/gcc/x86_64-pc-linux-gnu/9.3.0/:/opt/app/spack/opt/spack/linux-centos7-cascadelake/gcc-9.3.0/gcc-9.3.0-dbbauldxrmfyfdgmglkhbhgsr4ijo3ti/lib/gcc/x86_64-pc-linux-gnu/
LIBRARY_PATH=/opt/app/spack/opt/spack/linux-centos7-cascadelake/gcc-9.3.0/gcc-9.3.0-dbbauldxrmfyfdgmglkhbhgsr4ijo3ti/lib/gcc/x86_64-pc-linux-gnu/9.3.0/:/opt/app/spack/opt/spack/linux-centos7-cascadelake/gcc-9.3.0/gcc-9.3.0-dbbauldxrmfyfdgmglkhbhgsr4ijo3ti/lib/gcc/x86_64-pc-linux-gnu/9.3.0/../../../../lib64/:/lib/../lib64/:/usr/lib/../lib64/:/opt/app/spack/opt/spack/linux-centos7-cascadelake/gcc-9.3.0/gcc-9.3.0-dbbauldxrmfyfdgmglkhbhgsr4ijo3ti/lib/gcc/x86_64-pc-linux-gnu/9.3.0/../../../:/lib/:/usr/lib/
COLLECT_GCC_OPTIONS='-v' '-o' 'CMakeFiles/cmTC_877e0.dir/CMakeCCompilerABI.c.o' '-c' '-mtune=generic' '-march=x86-64'
Linking C executable cmTC_877e0
/opt/app/spack/opt/spack/linux-centos7-cascadelake/gcc-9.3.0/cmake-3.19.5-3rytwgxrsuwtsrjkxxgnzvm6arm3ihdr/bin/cmake -E cmake_link_script CMakeFiles/cmTC_877e0.dir/link.txt --verbose=1
/opt/app/spack/opt/spack/linux-centos7-cascadelake/gcc-9.3.0/gcc-9.3.0-dbbauldxrmfyfdgmglkhbhgsr4ijo3ti/bin/gcc  -v CMakeFiles/cmTC_877e0.dir/CMakeCCompilerABI.c.o -o cmTC_877e0 
Reading specs from /opt/app/spack/opt/spack/linux-centos7-cascadelake/gcc-9.3.0/gcc-9.3.0-dbbauldxrmfyfdgmglkhbhgsr4ijo3ti/lib/gcc/x86_64-pc-linux-gnu/9.3.0/specs
COLLECT_GCC=/opt/app/spack/opt/spack/linux-centos7-cascadelake/gcc-9.3.0/gcc-9.3.0-dbbauldxrmfyfdgmglkhbhgsr4ijo3ti/bin/gcc
COLLECT_LTO_WRAPPER=/opt/app/spack/opt/spack/linux-centos7-cascadelake/gcc-9.3.0/gcc-9.3.0-dbbauldxrmfyfdgmglkhbhgsr4ijo3ti/libexec/gcc/x86_64-pc-linux-gnu/9.3.0/lto-wrapper
Target: x86_64-pc-linux-gnu
Configured with: /tmp/root/spack-stage/spack-stage-gcc-9.3.0-dbbauldxrmfyfdgmglkhbhgsr4ijo3ti/spack-src/configure --prefix=/opt/app/spack/opt/spack/linux-centos7-cascadelake/gcc-9.3.0/gcc-9.3.0-dbbauldxrmfyfdgmglkhbhgsr4ijo3ti --with-pkgversion='Spack GCC' --with-bugurl=https://github.com/spack/spack/issues --disable-multilib --enable-languages=c,c++,fortran --disable-nls --with-system-zlib --with-gnu-ld --with-ld=/opt/app/spack/opt/spack/linux-centos7-cascadelake/gcc-9.3.0/binutils-2.36.1-7iujcskw66k22vbebfqlgjpzzde6bm74/bin/ld --with-gnu-as --with-as=/opt/app/spack/opt/spack/linux-centos7-cascadelake/gcc-9.3.0/binutils-2.36.1-7iujcskw66k22vbebfqlgjpzzde6bm74/bin/as --with-mpfr-include=/opt/app/spack/opt/spack/linux-centos7-cascadelake/gcc-9.3.0/mpfr-3.1.6-773abspid47jpmdfla2mtculcat2x6xb/include --with-mpfr-lib=/opt/app/spack/opt/spack/linux-centos7-cascadelake/gcc-9.3.0/mpfr-3.1.6-773abspid47jpmdfla2mtculcat2x6xb/lib --with-gmp-include=/opt/app/spack/opt/spack/linux-centos7-cascadelake/gcc-9.3.0/gmp-6.1.2-iu4ikxmkdtdx7gyzyz4w4srr7rauig4b/include --with-gmp-lib=/opt/app/spack/opt/spack/linux-centos7-cascadelake/gcc-9.3.0/gmp-6.1.2-iu4ikxmkdtdx7gyzyz4w4srr7rauig4b/lib --with-mpc-include=/opt/app/spack/opt/spack/linux-centos7-cascadelake/gcc-9.3.0/mpc-1.1.0-jijf4bvjshzvnf5rr3pms33uhjoqymly/include --with-mpc-lib=/opt/app/spack/opt/spack/linux-centos7-cascadelake/gcc-9.3.0/mpc-1.1.0-jijf4bvjshzvnf5rr3pms33uhjoqymly/lib --without-isl --with-stage1-ldflags='-Wl,-rpath,/opt/app/spack/opt/spack/linux-centos7-cascadelake/gcc-9.3.0/gcc-9.3.0-dbbauldxrmfyfdgmglkhbhgsr4ijo3ti/lib -Wl,-rpath,/opt/app/spack/opt/spack/linux-centos7-cascadelake/gcc-9.3.0/gcc-9.3.0-dbbauldxrmfyfdgmglkhbhgsr4ijo3ti/lib64 -Wl,-rpath,/opt/app/spack/opt/spack/linux-centos7-cascadelake/gcc-9.3.0/mpc-1.1.0-jijf4bvjshzvnf5rr3pms33uhjoqymly/lib -Wl,-rpath,/opt/app/spack/opt/spack/linux-centos7-cascadelake/gcc-9.3.0/zlib-1.2.11-eju6t3rfl2ftmogn234pq6etx4bvc2tb/lib -Wl,-rpath,/opt/app/spack/opt/spack/linux-centos7-cascadelake/gcc-9.3.0/gmp-6.1.2-iu4ikxmkdtdx7gyzyz4w4srr7rauig4b/lib -Wl,-rpath,/opt/app/spack/opt/spack/linux-centos7-cascadelake/gcc-9.3.0/binutils-2.36.1-7iujcskw66k22vbebfqlgjpzzde6bm74/lib -Wl,-rpath,/opt/app/spack/opt/spack/linux-centos7-cascadelake/gcc-9.3.0/mpfr-3.1.6-773abspid47jpmdfla2mtculcat2x6xb/lib' --with-boot-ldflags='-Wl,-rpath,/opt/app/spack/opt/spack/linux-centos7-cascadelake/gcc-9.3.0/gcc-9.3.0-dbbauldxrmfyfdgmglkhbhgsr4ijo3ti/lib -Wl,-rpath,/opt/app/spack/opt/spack/linux-centos7-cascadelake/gcc-9.3.0/gcc-9.3.0-dbbauldxrmfyfdgmglkhbhgsr4ijo3ti/lib64 -Wl,-rpath,/opt/app/spack/opt/spack/linux-centos7-cascadelake/gcc-9.3.0/mpc-1.1.0-jijf4bvjshzvnf5rr3pms33uhjoqymly/lib -Wl,-rpath,/opt/app/spack/opt/spack/linux-centos7-cascadelake/gcc-9.3.0/zlib-1.2.11-eju6t3rfl2ftmogn234pq6etx4bvc2tb/lib -Wl,-rpath,/opt/app/spack/opt/spack/linux-centos7-cascadelake/gcc-9.3.0/gmp-6.1.2-iu4ikxmkdtdx7gyzyz4w4srr7rauig4b/lib -Wl,-rpath,/opt/app/spack/opt/spack/linux-centos7-cascadelake/gcc-9.3.0/binutils-2.36.1-7iujcskw66k22vbebfqlgjpzzde6bm74/lib -Wl,-rpath,/opt/app/spack/opt/spack/linux-centos7-cascadelake/gcc-9.3.0/mpfr-3.1.6-773abspid47jpmdfla2mtculcat2x6xb/lib -static-libstdc++ -static-libgcc'
Thread model: posix
gcc version 9.3.0 (Spack GCC) 
COMPILER_PATH=/opt/app/spack/opt/spack/linux-centos7-cascadelake/gcc-9.3.0/gcc-9.3.0-dbbauldxrmfyfdgmglkhbhgsr4ijo3ti/libexec/gcc/x86_64-pc-linux-gnu/9.3.0/:/opt/app/spack/opt/spack/linux-centos7-cascadelake/gcc-9.3.0/gcc-9.3.0-dbbauldxrmfyfdgmglkhbhgsr4ijo3ti/libexec/gcc/x86_64-pc-linux-gnu/9.3.0/:/opt/app/spack/opt/spack/linux-centos7-cascadelake/gcc-9.3.0/gcc-9.3.0-dbbauldxrmfyfdgmglkhbhgsr4ijo3ti/libexec/gcc/x86_64-pc-linux-gnu/:/opt/app/spack/opt/spack/linux-centos7-cascadelake/gcc-9.3.0/gcc-9.3.0-dbbauldxrmfyfdgmglkhbhgsr4ijo3ti/lib/gcc/x86_64-pc-linux-gnu/9.3.0/:/opt/app/spack/opt/spack/linux-centos7-cascadelake/gcc-9.3.0/gcc-9.3.0-dbbauldxrmfyfdgmglkhbhgsr4ijo3ti/lib/gcc/x86_64-pc-linux-gnu/
LIBRARY_PATH=/opt/app/spack/opt/spack/linux-centos7-cascadelake/gcc-9.3.0/gcc-9.3.0-dbbauldxrmfyfdgmglkhbhgsr4ijo3ti/lib/gcc/x86_64-pc-linux-gnu/9.3.0/:/opt/app/spack/opt/spack/linux-centos7-cascadelake/gcc-9.3.0/gcc-9.3.0-dbbauldxrmfyfdgmglkhbhgsr4ijo3ti/lib/gcc/x86_64-pc-linux-gnu/9.3.0/../../../../lib64/:/lib/../lib64/:/usr/lib/../lib64/:/opt/app/spack/opt/spack/linux-centos7-cascadelake/gcc-9.3.0/gcc-9.3.0-dbbauldxrmfyfdgmglkhbhgsr4ijo3ti/lib/gcc/x86_64-pc-linux-gnu/9.3.0/../../../:/lib/:/usr/lib/
COLLECT_GCC_OPTIONS='-v' '-o' 'cmTC_877e0' '-mtune=generic' '-march=x86-64'
 /opt/app/spack/opt/spack/linux-centos7-cascadelake/gcc-9.3.0/gcc-9.3.0-dbbauldxrmfyfdgmglkhbhgsr4ijo3ti/libexec/gcc/x86_64-pc-linux-gnu/9.3.0/collect2 -plugin /opt/app/spack/opt/spack/linux-centos7-cascadelake/gcc-9.3.0/gcc-9.3.0-dbbauldxrmfyfdgmglkhbhgsr4ijo3ti/libexec/gcc/x86_64-pc-linux-gnu/9.3.0/liblto_plugin.so -plugin-opt=/opt/app/spack/opt/spack/linux-centos7-cascadelake/gcc-9.3.0/gcc-9.3.0-dbbauldxrmfyfdgmglkhbhgsr4ijo3ti/libexec/gcc/x86_64-pc-linux-gnu/9.3.0/lto-wrapper -plugin-opt=-fresolution=/tmp/ccwtnT8F.res -plugin-opt=-pass-through=-lgcc -plugin-opt=-pass-through=-lgcc_s -plugin-opt=-pass-through=-lc -plugin-opt=-pass-through=-lgcc -plugin-opt=-pass-through=-lgcc_s -rpath /opt/app/spack/opt/spack/linux-centos7-cascadelake/gcc-9.3.0/gcc-9.3.0-dbbauldxrmfyfdgmglkhbhgsr4ijo3ti/lib:/opt/app/spack/opt/spack/linux-centos7-cascadelake/gcc-9.3.0/gcc-9.3.0-dbbauldxrmfyfdgmglkhbhgsr4ijo3ti/lib64 --eh-frame-hdr -m elf_x86_64 -dynamic-linker /lib64/ld-linux-x86-64.so.2 -o cmTC_877e0 /lib/../lib64/crt1.o /lib/../lib64/crti.o /opt/app/spack/opt/spack/linux-centos7-cascadelake/gcc-9.3.0/gcc-9.3.0-dbbauldxrmfyfdgmglkhbhgsr4ijo3ti/lib/gcc/x86_64-pc-linux-gnu/9.3.0/crtbegin.o -L/opt/app/spack/opt/spack/linux-centos7-cascadelake/gcc-9.3.0/gcc-9.3.0-dbbauldxrmfyfdgmglkhbhgsr4ijo3ti/lib/gcc/x86_64-pc-linux-gnu/9.3.0 -L/opt/app/spack/opt/spack/linux-centos7-cascadelake/gcc-9.3.0/gcc-9.3.0-dbbauldxrmfyfdgmglkhbhgsr4ijo3ti/lib/gcc/x86_64-pc-linux-gnu/9.3.0/../../../../lib64 -L/lib/../lib64 -L/usr/lib/../lib64 -L/opt/app/spack/opt/spack/linux-centos7-cascadelake/gcc-9.3.0/gcc-9.3.0-dbbauldxrmfyfdgmglkhbhgsr4ijo3ti/lib/gcc/x86_64-pc-linux-gnu/9.3.0/../../.. CMakeFiles/cmTC_877e0.dir/CMakeCCompilerABI.c.o -lgcc --push-state --as-needed -lgcc_s --pop-state -lc -lgcc --push-state --as-needed -lgcc_s --pop-state /opt/app/spack/opt/spack/linux-centos7-cascadelake/gcc-9.3.0/gcc-9.3.0-dbbauldxrmfyfdgmglkhbhgsr4ijo3ti/lib/gcc/x86_64-pc-linux-gnu/9.3.0/crtend.o /lib/../lib64/crtn.o
COLLECT_GCC_OPTIONS='-v' '-o' 'cmTC_877e0' '-mtune=generic' '-march=x86-64'
gmake[1]: Leaving directory `/home/leiyq2024/geant4_work/B0/build/CMakeFiles/CMakeTmp'



Parsed C implicit include dir info from above output: rv=done
  found start of include info
  found start of implicit include info
    add: [/opt/app/spack/opt/spack/linux-centos7-cascadelake/gcc-9.3.0/gcc-9.3.0-dbbauldxrmfyfdgmglkhbhgsr4ijo3ti/lib/gcc/x86_64-pc-linux-gnu/9.3.0/include]
    add: [/usr/local/include]
    add: [/opt/app/spack/opt/spack/linux-centos7-cascadelake/gcc-9.3.0/gcc-9.3.0-dbbauldxrmfyfdgmglkhbhgsr4ijo3ti/include]
    add: [/opt/app/spack/opt/spack/linux-centos7-cascadelake/gcc-9.3.0/gcc-9.3.0-dbbauldxrmfyfdgmglkhbhgsr4ijo3ti/lib/gcc/x86_64-pc-linux-gnu/9.3.0/include-fixed]
    add: [/usr/include]
  end of search list found
  collapse include dir [/opt/app/spack/opt/spack/linux-centos7-cascadelake/gcc-9.3.0/gcc-9.3.0-dbbauldxrmfyfdgmglkhbhgsr4ijo3ti/lib/gcc/x86_64-pc-linux-gnu/9.3.0/include] ==> [/opt/app/spack/opt/spack/linux-centos7-cascadelake/gcc-9.3.0/gcc-9.3.0-dbbauldxrmfyfdgmglkhbhgsr4ijo3ti/lib/gcc/x86_64-pc-linux-gnu/9.3.0/include]
  collapse include dir [/usr/local/include] ==> [/usr/local/include]
  collapse include dir [/opt/app/spack/opt/spack/linux-centos7-cascadelake/gcc-9.3.0/gcc-9.3.0-dbbauldxrmfyfdgmglkhbhgsr4ijo3ti/include] ==> [/opt/app/spack/opt/spack/linux-centos7-cascadelake/gcc-9.3.0/gcc-9.3.0-dbbauldxrmfyfdgmglkhbhgsr4ijo3ti/include]
  collapse include dir [/opt/app/spack/opt/spack/linux-centos7-cascadelake/gcc-9.3.0/gcc-9.3.0-dbbauldxrmfyfdgmglkhbhgsr4ijo3ti/lib/gcc/x86_64-pc-linux-gnu/9.3.0/include-fixed] ==> [/opt/app/spack/opt/spack/linux-centos7-cascadelake/gcc-9.3.0/gcc-9.3.0-dbbauldxrmfyfdgmglkhbhgsr4ijo3ti/lib/gcc/x86_64-pc-linux-gnu/9.3.0/include-fixed]
  collapse include dir [/usr/include] ==> [/usr/include]
  implicit include dirs: [/opt/app/spack/opt/spack/linux-centos7-cascadelake/gcc-9.3.0/gcc-9.3.0-dbbauldxrmfyfdgmglkhbhgsr4ijo3ti/lib/gcc/x86_64-pc-linux-gnu/9.3.0/include;/usr/local/include;/opt/app/spack/opt/spack/linux-centos7-cascadelake/gcc-9.3.0/gcc-9.3.0-dbbauldxrmfyfdgmglkhbhgsr4ijo3ti/include;/opt/app/spack/opt/spack/linux-centos7-cascadelake/gcc-9.3.0/gcc-9.3.0-dbbauldxrmfyfdgmglkhbhgsr4ijo3ti/lib/gcc/x86_64-pc-linux-gnu/9.3.0/include-fixed;/usr/include]


Parsed C implicit link information from above output:
  link line regex: [^( *|.*[/\])(ld|CMAKE_LINK_STARTFILE-NOTFOUND|([^/\]+-)?ld|collect2)[^/\]*( |$)]
  ignore line: [Change Dir: /home/leiyq2024/geant4_work/B0/build/CMakeFiles/CMakeTmp]
  ignore line: []
  ignore line: [Run Build Command(s):/usr/bin/gmake cmTC_877e0/fast && /usr/bin/gmake  -f CMakeFiles/cmTC_877e0.dir/build.make CMakeFiles/cmTC_877e0.dir/build]
  ignore line: [gmake[1]: Entering directory `/home/leiyq2024/geant4_work/B0/build/CMakeFiles/CMakeTmp']
  ignore line: [Building C object CMakeFiles/cmTC_877e0.dir/CMakeCCompilerABI.c.o]
  ignore line: [/opt/app/spack/opt/spack/linux-centos7-cascadelake/gcc-9.3.0/gcc-9.3.0-dbbauldxrmfyfdgmglkhbhgsr4ijo3ti/bin/gcc   -v -o CMakeFiles/cmTC_877e0.dir/CMakeCCompilerABI.c.o -c /opt/app/spack/opt/spack/linux-centos7-cascadelake/gcc-9.3.0/cmake-3.19.5-3rytwgxrsuwtsrjkxxgnzvm6arm3ihdr/share/cmake-3.19/Modules/CMakeCCompilerABI.c]
  ignore line: [Reading specs from /opt/app/spack/opt/spack/linux-centos7-cascadelake/gcc-9.3.0/gcc-9.3.0-dbbauldxrmfyfdgmglkhbhgsr4ijo3ti/lib/gcc/x86_64-pc-linux-gnu/9.3.0/specs]
  ignore line: [COLLECT_GCC=/opt/app/spack/opt/spack/linux-centos7-cascadelake/gcc-9.3.0/gcc-9.3.0-dbbauldxrmfyfdgmglkhbhgsr4ijo3ti/bin/gcc]
  ignore line: [Target: x86_64-pc-linux-gnu]
  ignore line: [Configured with: /tmp/root/spack-stage/spack-stage-gcc-9.3.0-dbbauldxrmfyfdgmglkhbhgsr4ijo3ti/spack-src/configure --prefix=/opt/app/spack/opt/spack/linux-centos7-cascadelake/gcc-9.3.0/gcc-9.3.0-dbbauldxrmfyfdgmglkhbhgsr4ijo3ti --with-pkgversion='Spack GCC' --with-bugurl=https://github.com/spack/spack/issues --disable-multilib --enable-languages=c,c++,fortran --disable-nls --with-system-zlib --with-gnu-ld --with-ld=/opt/app/spack/opt/spack/linux-centos7-cascadelake/gcc-9.3.0/binutils-2.36.1-7iujcskw66k22vbebfqlgjpzzde6bm74/bin/ld --with-gnu-as --with-as=/opt/app/spack/opt/spack/linux-centos7-cascadelake/gcc-9.3.0/binutils-2.36.1-7iujcskw66k22vbebfqlgjpzzde6bm74/bin/as --with-mpfr-include=/opt/app/spack/opt/spack/linux-centos7-cascadelake/gcc-9.3.0/mpfr-3.1.6-773abspid47jpmdfla2mtculcat2x6xb/include --with-mpfr-lib=/opt/app/spack/opt/spack/linux-centos7-cascadelake/gcc-9.3.0/mpfr-3.1.6-773abspid47jpmdfla2mtculcat2x6xb/lib --with-gmp-include=/opt/app/spack/opt/spack/linux-centos7-cascadelake/gcc-9.3.0/gmp-6.1.2-iu4ikxmkdtdx7gyzyz4w4srr7rauig4b/include --with-gmp-lib=/opt/app/spack/opt/spack/linux-centos7-cascadelake/gcc-9.3.0/gmp-6.1.2-iu4ikxmkdtdx7gyzyz4w4srr7rauig4b/lib --with-mpc-include=/opt/app/spack/opt/spack/linux-centos7-cascadelake/gcc-9.3.0/mpc-1.1.0-jijf4bvjshzvnf5rr3pms33uhjoqymly/include --with-mpc-lib=/opt/app/spack/opt/spack/linux-centos7-cascadelake/gcc-9.3.0/mpc-1.1.0-jijf4bvjshzvnf5rr3pms33uhjoqymly/lib --without-isl --with-stage1-ldflags='-Wl,-rpath,/opt/app/spack/opt/spack/linux-centos7-cascadelake/gcc-9.3.0/gcc-9.3.0-dbbauldxrmfyfdgmglkhbhgsr4ijo3ti/lib -Wl,-rpath,/opt/app/spack/opt/spack/linux-centos7-cascadelake/gcc-9.3.0/gcc-9.3.0-dbbauldxrmfyfdgmglkhbhgsr4ijo3ti/lib64 -Wl,-rpath,/opt/app/spack/opt/spack/linux-centos7-cascadelake/gcc-9.3.0/mpc-1.1.0-jijf4bvjshzvnf5rr3pms33uhjoqymly/lib -Wl,-rpath,/opt/app/spack/opt/spack/linux-centos7-cascadelake/gcc-9.3.0/zlib-1.2.11-eju6t3rfl2ftmogn234pq6etx4bvc2tb/lib -Wl,-rpath,/opt/app/spack/opt/spack/linux-centos7-cascadelake/gcc-9.3.0/gmp-6.1.2-iu4ikxmkdtdx7gyzyz4w4srr7rauig4b/lib -Wl,-rpath,/opt/app/spack/opt/spack/linux-centos7-cascadelake/gcc-9.3.0/binutils-2.36.1-7iujcskw66k22vbebfqlgjpzzde6bm74/lib -Wl,-rpath,/opt/app/spack/opt/spack/linux-centos7-cascadelake/gcc-9.3.0/mpfr-3.1.6-773abspid47jpmdfla2mtculcat2x6xb/lib' --with-boot-ldflags='-Wl,-rpath,/opt/app/spack/opt/spack/linux-centos7-cascadelake/gcc-9.3.0/gcc-9.3.0-dbbauldxrmfyfdgmglkhbhgsr4ijo3ti/lib -Wl,-rpath,/opt/app/spack/opt/spack/linux-centos7-cascadelake/gcc-9.3.0/gcc-9.3.0-dbbauldxrmfyfdgmglkhbhgsr4ijo3ti/lib64 -Wl,-rpath,/opt/app/spack/opt/spack/linux-centos7-cascadelake/gcc-9.3.0/mpc-1.1.0-jijf4bvjshzvnf5rr3pms33uhjoqymly/lib -Wl,-rpath,/opt/app/spack/opt/spack/linux-centos7-cascadelake/gcc-9.3.0/zlib-1.2.11-eju6t3rfl2ftmogn234pq6etx4bvc2tb/lib -Wl,-rpath,/opt/app/spack/opt/spack/linux-centos7-cascadelake/gcc-9.3.0/gmp-6.1.2-iu4ikxmkdtdx7gyzyz4w4srr7rauig4b/lib -Wl,-rpath,/opt/app/spack/opt/spack/linux-centos7-cascadelake/gcc-9.3.0/binutils-2.36.1-7iujcskw66k22vbebfqlgjpzzde6bm74/lib -Wl,-rpath,/opt/app/spack/opt/spack/linux-centos7-cascadelake/gcc-9.3.0/mpfr-3.1.6-773abspid47jpmdfla2mtculcat2x6xb/lib -static-libstdc++ -static-libgcc']
  ignore line: [Thread model: posix]
  ignore line: [gcc version 9.3.0 (Spack GCC) ]
  ignore line: [COLLECT_GCC_OPTIONS='-v' '-o' 'CMakeFiles/cmTC_877e0.dir/CMakeCCompilerABI.c.o' '-c' '-mtune=generic' '-march=x86-64']
  ignore line: [ /opt/app/spack/opt/spack/linux-centos7-cascadelake/gcc-9.3.0/gcc-9.3.0-dbbauldxrmfyfdgmglkhbhgsr4ijo3ti/libexec/gcc/x86_64-pc-linux-gnu/9.3.0/cc1 -quiet -v /opt/app/spack/opt/spack/linux-centos7-cascadelake/gcc-9.3.0/cmake-3.19.5-3rytwgxrsuwtsrjkxxgnzvm6arm3ihdr/share/cmake-3.19/Modules/CMakeCCompilerABI.c -quiet -dumpbase CMakeCCompilerABI.c -mtune=generic -march=x86-64 -auxbase-strip CMakeFiles/cmTC_877e0.dir/CMakeCCompilerABI.c.o -version -o /tmp/cc2MP6Iw.s]
  ignore line: [GNU C17 (Spack GCC) version 9.3.0 (x86_64-pc-linux-gnu)]
  ignore line: [	compiled by GNU C version 9.3.0  GMP version 6.1.2  MPFR version 3.1.6-p2  MPC version 1.1.0  isl version none]
  ignore line: [GGC heuristics: --param ggc-min-expand=64 --param ggc-min-heapsize=65536]
  ignore line: [ignoring nonexistent directory "/opt/app/spack/opt/spack/linux-centos7-cascadelake/gcc-9.3.0/gcc-9.3.0-dbbauldxrmfyfdgmglkhbhgsr4ijo3ti/lib/gcc/x86_64-pc-linux-gnu/9.3.0/../../../../x86_64-pc-linux-gnu/include"]
  ignore line: [#include "..." search starts here:]
  ignore line: [#include <...> search starts here:]
  ignore line: [ /opt/app/spack/opt/spack/linux-centos7-cascadelake/gcc-9.3.0/gcc-9.3.0-dbbauldxrmfyfdgmglkhbhgsr4ijo3ti/lib/gcc/x86_64-pc-linux-gnu/9.3.0/include]
  ignore line: [ /usr/local/include]
  ignore line: [ /opt/app/spack/opt/spack/linux-centos7-cascadelake/gcc-9.3.0/gcc-9.3.0-dbbauldxrmfyfdgmglkhbhgsr4ijo3ti/include]
  ignore line: [ /opt/app/spack/opt/spack/linux-centos7-cascadelake/gcc-9.3.0/gcc-9.3.0-dbbauldxrmfyfdgmglkhbhgsr4ijo3ti/lib/gcc/x86_64-pc-linux-gnu/9.3.0/include-fixed]
  ignore line: [ /usr/include]
  ignore line: [End of search list.]
  ignore line: [GNU C17 (Spack GCC) version 9.3.0 (x86_64-pc-linux-gnu)]
  ignore line: [	compiled by GNU C version 9.3.0  GMP version 6.1.2  MPFR version 3.1.6-p2  MPC version 1.1.0  isl version none]
  ignore line: [GGC heuristics: --param ggc-min-expand=64 --param ggc-min-heapsize=65536]
  ignore line: [Compiler executable checksum: 6b8afd6bdf84c6f9891b6f319cc92846]
  ignore line: [COLLECT_GCC_OPTIONS='-v' '-o' 'CMakeFiles/cmTC_877e0.dir/CMakeCCompilerABI.c.o' '-c' '-mtune=generic' '-march=x86-64']
  ignore line: [ /opt/app/spack/opt/spack/linux-centos7-cascadelake/gcc-9.3.0/binutils-2.36.1-7iujcskw66k22vbebfqlgjpzzde6bm74/bin/as -v --64 -o CMakeFiles/cmTC_877e0.dir/CMakeCCompilerABI.c.o /tmp/cc2MP6Iw.s]
  ignore line: [GNU assembler version 2.36.1 (x86_64-pc-linux-gnu) using BFD version (GNU Binutils) 2.36.1]
  ignore line: [COMPILER_PATH=/opt/app/spack/opt/spack/linux-centos7-cascadelake/gcc-9.3.0/gcc-9.3.0-dbbauldxrmfyfdgmglkhbhgsr4ijo3ti/libexec/gcc/x86_64-pc-linux-gnu/9.3.0/:/opt/app/spack/opt/spack/linux-centos7-cascadelake/gcc-9.3.0/gcc-9.3.0-dbbauldxrmfyfdgmglkhbhgsr4ijo3ti/libexec/gcc/x86_64-pc-linux-gnu/9.3.0/:/opt/app/spack/opt/spack/linux-centos7-cascadelake/gcc-9.3.0/gcc-9.3.0-dbbauldxrmfyfdgmglkhbhgsr4ijo3ti/libexec/gcc/x86_64-pc-linux-gnu/:/opt/app/spack/opt/spack/linux-centos7-cascadelake/gcc-9.3.0/gcc-9.3.0-dbbauldxrmfyfdgmglkhbhgsr4ijo3ti/lib/gcc/x86_64-pc-linux-gnu/9.3.0/:/opt/app/spack/opt/spack/linux-centos7-cascadelake/gcc-9.3.0/gcc-9.3.0-dbbauldxrmfyfdgmglkhbhgsr4ijo3ti/lib/gcc/x86_64-pc-linux-gnu/]
  ignore line: [LIBRARY_PATH=/opt/app/spack/opt/spack/linux-centos7-cascadelake/gcc-9.3.0/gcc-9.3.0-dbbauldxrmfyfdgmglkhbhgsr4ijo3ti/lib/gcc/x86_64-pc-linux-gnu/9.3.0/:/opt/app/spack/opt/spack/linux-centos7-cascadelake/gcc-9.3.0/gcc-9.3.0-dbbauldxrmfyfdgmglkhbhgsr4ijo3ti/lib/gcc/x86_64-pc-linux-gnu/9.3.0/../../../../lib64/:/lib/../lib64/:/usr/lib/../lib64/:/opt/app/spack/opt/spack/linux-centos7-cascadelake/gcc-9.3.0/gcc-9.3.0-dbbauldxrmfyfdgmglkhbhgsr4ijo3ti/lib/gcc/x86_64-pc-linux-gnu/9.3.0/../../../:/lib/:/usr/lib/]
  ignore line: [COLLECT_GCC_OPTIONS='-v' '-o' 'CMakeFiles/cmTC_877e0.dir/CMakeCCompilerABI.c.o' '-c' '-mtune=generic' '-march=x86-64']
  ignore line: [Linking C executable cmTC_877e0]
  ignore line: [/opt/app/spack/opt/spack/linux-centos7-cascadelake/gcc-9.3.0/cmake-3.19.5-3rytwgxrsuwtsrjkxxgnzvm6arm3ihdr/bin/cmake -E cmake_link_script CMakeFiles/cmTC_877e0.dir/link.txt --verbose=1]
  ignore line: [/opt/app/spack/opt/spack/linux-centos7-cascadelake/gcc-9.3.0/gcc-9.3.0-dbbauldxrmfyfdgmglkhbhgsr4ijo3ti/bin/gcc  -v CMakeFiles/cmTC_877e0.dir/CMakeCCompilerABI.c.o -o cmTC_877e0 ]
  ignore line: [Reading specs from /opt/app/spack/opt/spack/linux-centos7-cascadelake/gcc-9.3.0/gcc-9.3.0-dbbauldxrmfyfdgmglkhbhgsr4ijo3ti/lib/gcc/x86_64-pc-linux-gnu/9.3.0/specs]
  ignore line: [COLLECT_GCC=/opt/app/spack/opt/spack/linux-centos7-cascadelake/gcc-9.3.0/gcc-9.3.0-dbbauldxrmfyfdgmglkhbhgsr4ijo3ti/bin/gcc]
  ignore line: [COLLECT_LTO_WRAPPER=/opt/app/spack/opt/spack/linux-centos7-cascadelake/gcc-9.3.0/gcc-9.3.0-dbbauldxrmfyfdgmglkhbhgsr4ijo3ti/libexec/gcc/x86_64-pc-linux-gnu/9.3.0/lto-wrapper]
  ignore line: [Target: x86_64-pc-linux-gnu]
  ignore line: [Configured with: /tmp/root/spack-stage/spack-stage-gcc-9.3.0-dbbauldxrmfyfdgmglkhbhgsr4ijo3ti/spack-src/configure --prefix=/opt/app/spack/opt/spack/linux-centos7-cascadelake/gcc-9.3.0/gcc-9.3.0-dbbauldxrmfyfdgmglkhbhgsr4ijo3ti --with-pkgversion='Spack GCC' --with-bugurl=https://github.com/spack/spack/issues --disable-multilib --enable-languages=c,c++,fortran --disable-nls --with-system-zlib --with-gnu-ld --with-ld=/opt/app/spack/opt/spack/linux-centos7-cascadelake/gcc-9.3.0/binutils-2.36.1-7iujcskw66k22vbebfqlgjpzzde6bm74/bin/ld --with-gnu-as --with-as=/opt/app/spack/opt/spack/linux-centos7-cascadelake/gcc-9.3.0/binutils-2.36.1-7iujcskw66k22vbebfqlgjpzzde6bm74/bin/as --with-mpfr-include=/opt/app/spack/opt/spack/linux-centos7-cascadelake/gcc-9.3.0/mpfr-3.1.6-773abspid47jpmdfla2mtculcat2x6xb/include --with-mpfr-lib=/opt/app/spack/opt/spack/linux-centos7-cascadelake/gcc-9.3.0/mpfr-3.1.6-773abspid47jpmdfla2mtculcat2x6xb/lib --with-gmp-include=/opt/app/spack/opt/spack/linux-centos7-cascadelake/gcc-9.3.0/gmp-6.1.2-iu4ikxmkdtdx7gyzyz4w4srr7rauig4b/include --with-gmp-lib=/opt/app/spack/opt/spack/linux-centos7-cascadelake/gcc-9.3.0/gmp-6.1.2-iu4ikxmkdtdx7gyzyz4w4srr7rauig4b/lib --with-mpc-include=/opt/app/spack/opt/spack/linux-centos7-cascadelake/gcc-9.3.0/mpc-1.1.0-jijf4bvjshzvnf5rr3pms33uhjoqymly/include --with-mpc-lib=/opt/app/spack/opt/spack/linux-centos7-cascadelake/gcc-9.3.0/mpc-1.1.0-jijf4bvjshzvnf5rr3pms33uhjoqymly/lib --without-isl --with-stage1-ldflags='-Wl,-rpath,/opt/app/spack/opt/spack/linux-centos7-cascadelake/gcc-9.3.0/gcc-9.3.0-dbbauldxrmfyfdgmglkhbhgsr4ijo3ti/lib -Wl,-rpath,/opt/app/spack/opt/spack/linux-centos7-cascadelake/gcc-9.3.0/gcc-9.3.0-dbbauldxrmfyfdgmglkhbhgsr4ijo3ti/lib64 -Wl,-rpath,/opt/app/spack/opt/spack/linux-centos7-cascadelake/gcc-9.3.0/mpc-1.1.0-jijf4bvjshzvnf5rr3pms33uhjoqymly/lib -Wl,-rpath,/opt/app/spack/opt/spack/linux-centos7-cascadelake/gcc-9.3.0/zlib-1.2.11-eju6t3rfl2ftmogn234pq6etx4bvc2tb/lib -Wl,-rpath,/opt/app/spack/opt/spack/linux-centos7-cascadelake/gcc-9.3.0/gmp-6.1.2-iu4ikxmkdtdx7gyzyz4w4srr7rauig4b/lib -Wl,-rpath,/opt/app/spack/opt/spack/linux-centos7-cascadelake/gcc-9.3.0/binutils-2.36.1-7iujcskw66k22vbebfqlgjpzzde6bm74/lib -Wl,-rpath,/opt/app/spack/opt/spack/linux-centos7-cascadelake/gcc-9.3.0/mpfr-3.1.6-773abspid47jpmdfla2mtculcat2x6xb/lib' --with-boot-ldflags='-Wl,-rpath,/opt/app/spack/opt/spack/linux-centos7-cascadelake/gcc-9.3.0/gcc-9.3.0-dbbauldxrmfyfdgmglkhbhgsr4ijo3ti/lib -Wl,-rpath,/opt/app/spack/opt/spack/linux-centos7-cascadelake/gcc-9.3.0/gcc-9.3.0-dbbauldxrmfyfdgmglkhbhgsr4ijo3ti/lib64 -Wl,-rpath,/opt/app/spack/opt/spack/linux-centos7-cascadelake/gcc-9.3.0/mpc-1.1.0-jijf4bvjshzvnf5rr3pms33uhjoqymly/lib -Wl,-rpath,/opt/app/spack/opt/spack/linux-centos7-cascadelake/gcc-9.3.0/zlib-1.2.11-eju6t3rfl2ftmogn234pq6etx4bvc2tb/lib -Wl,-rpath,/opt/app/spack/opt/spack/linux-centos7-cascadelake/gcc-9.3.0/gmp-6.1.2-iu4ikxmkdtdx7gyzyz4w4srr7rauig4b/lib -Wl,-rpath,/opt/app/spack/opt/spack/linux-centos7-cascadelake/gcc-9.3.0/binutils-2.36.1-7iujcskw66k22vbebfqlgjpzzde6bm74/lib -Wl,-rpath,/opt/app/spack/opt/spack/linux-centos7-cascadelake/gcc-9.3.0/mpfr-3.1.6-773abspid47jpmdfla2mtculcat2x6xb/lib -static-libstdc++ -static-libgcc']
  ignore line: [Thread model: posix]
  ignore line: [gcc version 9.3.0 (Spack GCC) ]
  ignore line: [COMPILER_PATH=/opt/app/spack/opt/spack/linux-centos7-cascadelake/gcc-9.3.0/gcc-9.3.0-dbbauldxrmfyfdgmglkhbhgsr4ijo3ti/libexec/gcc/x86_64-pc-linux-gnu/9.3.0/:/opt/app/spack/opt/spack/linux-centos7-cascadelake/gcc-9.3.0/gcc-9.3.0-dbbauldxrmfyfdgmglkhbhgsr4ijo3ti/libexec/gcc/x86_64-pc-linux-gnu/9.3.0/:/opt/app/spack/opt/spack/linux-centos7-cascadelake/gcc-9.3.0/gcc-9.3.0-dbbauldxrmfyfdgmglkhbhgsr4ijo3ti/libexec/gcc/x86_64-pc-linux-gnu/:/opt/app/spack/opt/spack/linux-centos7-cascadelake/gcc-9.3.0/gcc-9.3.0-dbbauldxrmfyfdgmglkhbhgsr4ijo3ti/lib/gcc/x86_64-pc-linux-gnu/9.3.0/:/opt/app/spack/opt/spack/linux-centos7-cascadelake/gcc-9.3.0/gcc-9.3.0-dbbauldxrmfyfdgmglkhbhgsr4ijo3ti/lib/gcc/x86_64-pc-linux-gnu/]
  ignore line: [LIBRARY_PATH=/opt/app/spack/opt/spack/linux-centos7-cascadelake/gcc-9.3.0/gcc-9.3.0-dbbauldxrmfyfdgmglkhbhgsr4ijo3ti/lib/gcc/x86_64-pc-linux-gnu/9.3.0/:/opt/app/spack/opt/spack/linux-centos7-cascadelake/gcc-9.3.0/gcc-9.3.0-dbbauldxrmfyfdgmglkhbhgsr4ijo3ti/lib/gcc/x86_64-pc-linux-gnu/9.3.0/../../../../lib64/:/lib/../lib64/:/usr/lib/../lib64/:/opt/app/spack/opt/spack/linux-centos7-cascadelake/gcc-9.3.0/gcc-9.3.0-dbbauldxrmfyfdgmglkhbhgsr4ijo3ti/lib/gcc/x86_64-pc-linux-gnu/9.3.0/../../../:/lib/:/usr/lib/]
  ignore line: [COLLECT_GCC_OPTIONS='-v' '-o' 'cmTC_877e0' '-mtune=generic' '-march=x86-64']
  link line: [ /opt/app/spack/opt/spack/linux-centos7-cascadelake/gcc-9.3.0/gcc-9.3.0-dbbauldxrmfyfdgmglkhbhgsr4ijo3ti/libexec/gcc/x86_64-pc-linux-gnu/9.3.0/collect2 -plugin /opt/app/spack/opt/spack/linux-centos7-cascadelake/gcc-9.3.0/gcc-9.3.0-dbbauldxrmfyfdgmglkhbhgsr4ijo3ti/libexec/gcc/x86_64-pc-linux-gnu/9.3.0/liblto_plugin.so -plugin-opt=/opt/app/spack/opt/spack/linux-centos7-cascadelake/gcc-9.3.0/gcc-9.3.0-dbbauldxrmfyfdgmglkhbhgsr4ijo3ti/libexec/gcc/x86_64-pc-linux-gnu/9.3.0/lto-wrapper -plugin-opt=-fresolution=/tmp/ccwtnT8F.res -plugin-opt=-pass-through=-lgcc -plugin-opt=-pass-through=-lgcc_s -plugin-opt=-pass-through=-lc -plugin-opt=-pass-through=-lgcc -plugin-opt=-pass-through=-lgcc_s -rpath /opt/app/spack/opt/spack/linux-centos7-cascadelake/gcc-9.3.0/gcc-9.3.0-dbbauldxrmfyfdgmglkhbhgsr4ijo3ti/lib:/opt/app/spack/opt/spack/linux-centos7-cascadelake/gcc-9.3.0/gcc-9.3.0-dbbauldxrmfyfdgmglkhbhgsr4ijo3ti/lib64 --eh-frame-hdr -m elf_x86_64 -dynamic-linker /lib64/ld-linux-x86-64.so.2 -o cmTC_877e0 /lib/../lib64/crt1.o /lib/../lib64/crti.o /opt/app/spack/opt/spack/linux-centos7-cascadelake/gcc-9.3.0/gcc-9.3.0-dbbauldxrmfyfdgmglkhbhgsr4ijo3ti/lib/gcc/x86_64-pc-linux-gnu/9.3.0/crtbegin.o -L/opt/app/spack/opt/spack/linux-centos7-cascadelake/gcc-9.3.0/gcc-9.3.0-dbbauldxrmfyfdgmglkhbhgsr4ijo3ti/lib/gcc/x86_64-pc-linux-gnu/9.3.0 -L/opt/app/spack/opt/spack/linux-centos7-cascadelake/gcc-9.3.0/gcc-9.3.0-dbbauldxrmfyfdgmglkhbhgsr4ijo3ti/lib/gcc/x86_64-pc-linux-gnu/9.3.0/../../../../lib64 -L/lib/../lib64 -L/usr/lib/../lib64 -L/opt/app/spack/opt/spack/linux-centos7-cascadelake/gcc-9.3.0/gcc-9.3.0-dbbauldxrmfyfdgmglkhbhgsr4ijo3ti/lib/gcc/x86_64-pc-linux-gnu/9.3.0/../../.. CMakeFiles/cmTC_877e0.dir/CMakeCCompilerABI.c.o -lgcc --push-state --as-needed -lgcc_s --pop-state -lc -lgcc --push-state --as-needed -lgcc_s --pop-state /opt/app/spack/opt/spack/linux-centos7-cascadelake/gcc-9.3.0/gcc-9.3.0-dbbauldxrmfyfdgmglkhbhgsr4ijo3ti/lib/gcc/x86_64-pc-linux-gnu/9.3.0/crtend.o /lib/../lib64/crtn.o]
    arg [/opt/app/spack/opt/spack/linux-centos7-cascadelake/gcc-9.3.0/gcc-9.3.0-dbbauldxrmfyfdgmglkhbhgsr4ijo3ti/libexec/gcc/x86_64-pc-linux-gnu/9.3.0/collect2] ==> ignore
    arg [-plugin] ==> ignore
    arg [/opt/app/spack/opt/spack/linux-centos7-cascadelake/gcc-9.3.0/gcc-9.3.0-dbbauldxrmfyfdgmglkhbhgsr4ijo3ti/libexec/gcc/x86_64-pc-linux-gnu/9.3.0/liblto_plugin.so] ==> ignore
    arg [-plugin-opt=/opt/app/spack/opt/spack/linux-centos7-cascadelake/gcc-9.3.0/gcc-9.3.0-dbbauldxrmfyfdgmglkhbhgsr4ijo3ti/libexec/gcc/x86_64-pc-linux-gnu/9.3.0/lto-wrapper] ==> ignore
    arg [-plugin-opt=-fresolution=/tmp/ccwtnT8F.res] ==> ignore
    arg [-plugin-opt=-pass-through=-lgcc] ==> ignore
    arg [-plugin-opt=-pass-through=-lgcc_s] ==> ignore
    arg [-plugin-opt=-pass-through=-lc] ==> ignore
    arg [-plugin-opt=-pass-through=-lgcc] ==> ignore
    arg [-plugin-opt=-pass-through=-lgcc_s] ==> ignore
    arg [-rpath] ==> ignore
    arg [/opt/app/spack/opt/spack/linux-centos7-cascadelake/gcc-9.3.0/gcc-9.3.0-dbbauldxrmfyfdgmglkhbhgsr4ijo3ti/lib:/opt/app/spack/opt/spack/linux-centos7-cascadelake/gcc-9.3.0/gcc-9.3.0-dbbauldxrmfyfdgmglkhbhgsr4ijo3ti/lib64] ==> ignore
    arg [--eh-frame-hdr] ==> ignore
    arg [-m] ==> ignore
    arg [elf_x86_64] ==> ignore
    arg [-dynamic-linker] ==> ignore
    arg [/lib64/ld-linux-x86-64.so.2] ==> ignore
    arg [-o] ==> ignore
    arg [cmTC_877e0] ==> ignore
    arg [/lib/../lib64/crt1.o] ==> ignore
    arg [/lib/../lib64/crti.o] ==> ignore
    arg [/opt/app/spack/opt/spack/linux-centos7-cascadelake/gcc-9.3.0/gcc-9.3.0-dbbauldxrmfyfdgmglkhbhgsr4ijo3ti/lib/gcc/x86_64-pc-linux-gnu/9.3.0/crtbegin.o] ==> ignore
    arg [-L/opt/app/spack/opt/spack/linux-centos7-cascadelake/gcc-9.3.0/gcc-9.3.0-dbbauldxrmfyfdgmglkhbhgsr4ijo3ti/lib/gcc/x86_64-pc-linux-gnu/9.3.0] ==> dir [/opt/app/spack/opt/spack/linux-centos7-cascadelake/gcc-9.3.0/gcc-9.3.0-dbbauldxrmfyfdgmglkhbhgsr4ijo3ti/lib/gcc/x86_64-pc-linux-gnu/9.3.0]
    arg [-L/opt/app/spack/opt/spack/linux-centos7-cascadelake/gcc-9.3.0/gcc-9.3.0-dbbauldxrmfyfdgmglkhbhgsr4ijo3ti/lib/gcc/x86_64-pc-linux-gnu/9.3.0/../../../../lib64] ==> dir [/opt/app/spack/opt/spack/linux-centos7-cascadelake/gcc-9.3.0/gcc-9.3.0-dbbauldxrmfyfdgmglkhbhgsr4ijo3ti/lib/gcc/x86_64-pc-linux-gnu/9.3.0/../../../../lib64]
    arg [-L/lib/../lib64] ==> dir [/lib/../lib64]
    arg [-L/usr/lib/../lib64] ==> dir [/usr/lib/../lib64]
    arg [-L/opt/app/spack/opt/spack/linux-centos7-cascadelake/gcc-9.3.0/gcc-9.3.0-dbbauldxrmfyfdgmglkhbhgsr4ijo3ti/lib/gcc/x86_64-pc-linux-gnu/9.3.0/../../..] ==> dir [/opt/app/spack/opt/spack/linux-centos7-cascadelake/gcc-9.3.0/gcc-9.3.0-dbbauldxrmfyfdgmglkhbhgsr4ijo3ti/lib/gcc/x86_64-pc-linux-gnu/9.3.0/../../..]
    arg [CMakeFiles/cmTC_877e0.dir/CMakeCCompilerABI.c.o] ==> ignore
    arg [-lgcc] ==> lib [gcc]
    arg [--push-state] ==> ignore
    arg [--as-needed] ==> ignore
    arg [-lgcc_s] ==> lib [gcc_s]
    arg [--pop-state] ==> ignore
    arg [-lc] ==> lib [c]
    arg [-lgcc] ==> lib [gcc]
    arg [--push-state] ==> ignore
    arg [--as-needed] ==> ignore
    arg [-lgcc_s] ==> lib [gcc_s]
    arg [--pop-state] ==> ignore
    arg [/opt/app/spack/opt/spack/linux-centos7-cascadelake/gcc-9.3.0/gcc-9.3.0-dbbauldxrmfyfdgmglkhbhgsr4ijo3ti/lib/gcc/x86_64-pc-linux-gnu/9.3.0/crtend.o] ==> ignore
    arg [/lib/../lib64/crtn.o] ==> ignore
  collapse library dir [/opt/app/spack/opt/spack/linux-centos7-cascadelake/gcc-9.3.0/gcc-9.3.0-dbbauldxrmfyfdgmglkhbhgsr4ijo3ti/lib/gcc/x86_64-pc-linux-gnu/9.3.0] ==> [/opt/app/spack/opt/spack/linux-centos7-cascadelake/gcc-9.3.0/gcc-9.3.0-dbbauldxrmfyfdgmglkhbhgsr4ijo3ti/lib/gcc/x86_64-pc-linux-gnu/9.3.0]
  collapse library dir [/opt/app/spack/opt/spack/linux-centos7-cascadelake/gcc-9.3.0/gcc-9.3.0-dbbauldxrmfyfdgmglkhbhgsr4ijo3ti/lib/gcc/x86_64-pc-linux-gnu/9.3.0/../../../../lib64] ==> [/opt/app/spack/opt/spack/linux-centos7-cascadelake/gcc-9.3.0/gcc-9.3.0-dbbauldxrmfyfdgmglkhbhgsr4ijo3ti/lib64]
  collapse library dir [/lib/../lib64] ==> [/lib64]
  collapse library dir [/usr/lib/../lib64] ==> [/usr/lib64]
  collapse library dir [/opt/app/spack/opt/spack/linux-centos7-cascadelake/gcc-9.3.0/gcc-9.3.0-dbbauldxrmfyfdgmglkhbhgsr4ijo3ti/lib/gcc/x86_64-pc-linux-gnu/9.3.0/../../..] ==> [/opt/app/spack/opt/spack/linux-centos7-cascadelake/gcc-9.3.0/gcc-9.3.0-dbbauldxrmfyfdgmglkhbhgsr4ijo3ti/lib]
  implicit libs: [gcc;gcc_s;c;gcc;gcc_s]
  implicit dirs: [/opt/app/spack/opt/spack/linux-centos7-cascadelake/gcc-9.3.0/gcc-9.3.0-dbbauldxrmfyfdgmglkhbhgsr4ijo3ti/lib/gcc/x86_64-pc-linux-gnu/9.3.0;/opt/app/spack/opt/spack/linux-centos7-cascadelake/gcc-9.3.0/gcc-9.3.0-dbbauldxrmfyfdgmglkhbhgsr4ijo3ti/lib64;/lib64;/usr/lib64;/opt/app/spack/opt/spack/linux-centos7-cascadelake/gcc-9.3.0/gcc-9.3.0-dbbauldxrmfyfdgmglkhbhgsr4ijo3ti/lib]
  implicit fwks: []


Detecting CXX compiler ABI info compiled with the following output:
Change Dir: /home/leiyq2024/geant4_work/B0/build/CMakeFiles/CMakeTmp

Run Build Command(s):/usr/bin/gmake cmTC_c8bc7/fast && /usr/bin/gmake  -f CMakeFiles/cmTC_c8bc7.dir/build.make CMakeFiles/cmTC_c8bc7.dir/build
gmake[1]: Entering directory `/home/leiyq2024/geant4_work/B0/build/CMakeFiles/CMakeTmp'
Building CXX object CMakeFiles/cmTC_c8bc7.dir/CMakeCXXCompilerABI.cpp.o
/opt/app/spack/opt/spack/linux-centos7-cascadelake/gcc-9.3.0/gcc-9.3.0-dbbauldxrmfyfdgmglkhbhgsr4ijo3ti/bin/g++   -v -o CMakeFiles/cmTC_c8bc7.dir/CMakeCXXCompilerABI.cpp.o -c /opt/app/spack/opt/spack/linux-centos7-cascadelake/gcc-9.3.0/cmake-3.19.5-3rytwgxrsuwtsrjkxxgnzvm6arm3ihdr/share/cmake-3.19/Modules/CMakeCXXCompilerABI.cpp
Reading specs from /opt/app/spack/opt/spack/linux-centos7-cascadelake/gcc-9.3.0/gcc-9.3.0-dbbauldxrmfyfdgmglkhbhgsr4ijo3ti/lib/gcc/x86_64-pc-linux-gnu/9.3.0/specs
COLLECT_GCC=/opt/app/spack/opt/spack/linux-centos7-cascadelake/gcc-9.3.0/gcc-9.3.0-dbbauldxrmfyfdgmglkhbhgsr4ijo3ti/bin/g++
Target: x86_64-pc-linux-gnu
Configured with: /tmp/root/spack-stage/spack-stage-gcc-9.3.0-dbbauldxrmfyfdgmglkhbhgsr4ijo3ti/spack-src/configure --prefix=/opt/app/spack/opt/spack/linux-centos7-cascadelake/gcc-9.3.0/gcc-9.3.0-dbbauldxrmfyfdgmglkhbhgsr4ijo3ti --with-pkgversion='Spack GCC' --with-bugurl=https://github.com/spack/spack/issues --disable-multilib --enable-languages=c,c++,fortran --disable-nls --with-system-zlib --with-gnu-ld --with-ld=/opt/app/spack/opt/spack/linux-centos7-cascadelake/gcc-9.3.0/binutils-2.36.1-7iujcskw66k22vbebfqlgjpzzde6bm74/bin/ld --with-gnu-as --with-as=/opt/app/spack/opt/spack/linux-centos7-cascadelake/gcc-9.3.0/binutils-2.36.1-7iujcskw66k22vbebfqlgjpzzde6bm74/bin/as --with-mpfr-include=/opt/app/spack/opt/spack/linux-centos7-cascadelake/gcc-9.3.0/mpfr-3.1.6-773abspid47jpmdfla2mtculcat2x6xb/include --with-mpfr-lib=/opt/app/spack/opt/spack/linux-centos7-cascadelake/gcc-9.3.0/mpfr-3.1.6-773abspid47jpmdfla2mtculcat2x6xb/lib --with-gmp-include=/opt/app/spack/opt/spack/linux-centos7-cascadelake/gcc-9.3.0/gmp-6.1.2-iu4ikxmkdtdx7gyzyz4w4srr7rauig4b/include --with-gmp-lib=/opt/app/spack/opt/spack/linux-centos7-cascadelake/gcc-9.3.0/gmp-6.1.2-iu4ikxmkdtdx7gyzyz4w4srr7rauig4b/lib --with-mpc-include=/opt/app/spack/opt/spack/linux-centos7-cascadelake/gcc-9.3.0/mpc-1.1.0-jijf4bvjshzvnf5rr3pms33uhjoqymly/include --with-mpc-lib=/opt/app/spack/opt/spack/linux-centos7-cascadelake/gcc-9.3.0/mpc-1.1.0-jijf4bvjshzvnf5rr3pms33uhjoqymly/lib --without-isl --with-stage1-ldflags='-Wl,-rpath,/opt/app/spack/opt/spack/linux-centos7-cascadelake/gcc-9.3.0/gcc-9.3.0-dbbauldxrmfyfdgmglkhbhgsr4ijo3ti/lib -Wl,-rpath,/opt/app/spack/opt/spack/linux-centos7-cascadelake/gcc-9.3.0/gcc-9.3.0-dbbauldxrmfyfdgmglkhbhgsr4ijo3ti/lib64 -Wl,-rpath,/opt/app/spack/opt/spack/linux-centos7-cascadelake/gcc-9.3.0/mpc-1.1.0-jijf4bvjshzvnf5rr3pms33uhjoqymly/lib -Wl,-rpath,/opt/app/spack/opt/spack/linux-centos7-cascadelake/gcc-9.3.0/zlib-1.2.11-eju6t3rfl2ftmogn234pq6etx4bvc2tb/lib -Wl,-rpath,/opt/app/spack/opt/spack/linux-centos7-cascadelake/gcc-9.3.0/gmp-6.1.2-iu4ikxmkdtdx7gyzyz4w4srr7rauig4b/lib -Wl,-rpath,/opt/app/spack/opt/spack/linux-centos7-cascadelake/gcc-9.3.0/binutils-2.36.1-7iujcskw66k22vbebfqlgjpzzde6bm74/lib -Wl,-rpath,/opt/app/spack/opt/spack/linux-centos7-cascadelake/gcc-9.3.0/mpfr-3.1.6-773abspid47jpmdfla2mtculcat2x6xb/lib' --with-boot-ldflags='-Wl,-rpath,/opt/app/spack/opt/spack/linux-centos7-cascadelake/gcc-9.3.0/gcc-9.3.0-dbbauldxrmfyfdgmglkhbhgsr4ijo3ti/lib -Wl,-rpath,/opt/app/spack/opt/spack/linux-centos7-cascadelake/gcc-9.3.0/gcc-9.3.0-dbbauldxrmfyfdgmglkhbhgsr4ijo3ti/lib64 -Wl,-rpath,/opt/app/spack/opt/spack/linux-centos7-cascadelake/gcc-9.3.0/mpc-1.1.0-jijf4bvjshzvnf5rr3pms33uhjoqymly/lib -Wl,-rpath,/opt/app/spack/opt/spack/linux-centos7-cascadelake/gcc-9.3.0/zlib-1.2.11-eju6t3rfl2ftmogn234pq6etx4bvc2tb/lib -Wl,-rpath,/opt/app/spack/opt/spack/linux-centos7-cascadelake/gcc-9.3.0/gmp-6.1.2-iu4ikxmkdtdx7gyzyz4w4srr7rauig4b/lib -Wl,-rpath,/opt/app/spack/opt/spack/linux-centos7-cascadelake/gcc-9.3.0/binutils-2.36.1-7iujcskw66k22vbebfqlgjpzzde6bm74/lib -Wl,-rpath,/opt/app/spack/opt/spack/linux-centos7-cascadelake/gcc-9.3.0/mpfr-3.1.6-773abspid47jpmdfla2mtculcat2x6xb/lib -static-libstdc++ -static-libgcc'
Thread model: posix
gcc version 9.3.0 (Spack GCC) 
COLLECT_GCC_OPTIONS='-v' '-o' 'CMakeFiles/cmTC_c8bc7.dir/CMakeCXXCompilerABI.cpp.o' '-c' '-shared-libgcc' '-mtune=generic' '-march=x86-64'
 /opt/app/spack/opt/spack/linux-centos7-cascadelake/gcc-9.3.0/gcc-9.3.0-dbbauldxrmfyfdgmglkhbhgsr4ijo3ti/libexec/gcc/x86_64-pc-linux-gnu/9.3.0/cc1plus -quiet -v -D_GNU_SOURCE /opt/app/spack/opt/spack/linux-centos7-cascadelake/gcc-9.3.0/cmake-3.19.5-3rytwgxrsuwtsrjkxxgnzvm6arm3ihdr/share/cmake-3.19/Modules/CMakeCXXCompilerABI.cpp -quiet -dumpbase CMakeCXXCompilerABI.cpp -mtune=generic -march=x86-64 -auxbase-strip CMakeFiles/cmTC_c8bc7.dir/CMakeCXXCompilerABI.cpp.o -version -o /tmp/cc19Fr1j.s
GNU C++14 (Spack GCC) version 9.3.0 (x86_64-pc-linux-gnu)
	compiled by GNU C version 9.3.0, GMP version 6.1.2, MPFR version 3.1.6-p2, MPC version 1.1.0, isl version none
GGC heuristics: --param ggc-min-expand=64 --param ggc-min-heapsize=65536
ignoring nonexistent directory "/opt/app/spack/opt/spack/linux-centos7-cascadelake/gcc-9.3.0/gcc-9.3.0-dbbauldxrmfyfdgmglkhbhgsr4ijo3ti/lib/gcc/x86_64-pc-linux-gnu/9.3.0/../../../../x86_64-pc-linux-gnu/include"
#include "..." search starts here:
#include <...> search starts here:
 /opt/app/spack/opt/spack/linux-centos7-cascadelake/gcc-9.3.0/gcc-9.3.0-dbbauldxrmfyfdgmglkhbhgsr4ijo3ti/lib/gcc/x86_64-pc-linux-gnu/9.3.0/../../../../include/c++/9.3.0
 /opt/app/spack/opt/spack/linux-centos7-cascadelake/gcc-9.3.0/gcc-9.3.0-dbbauldxrmfyfdgmglkhbhgsr4ijo3ti/lib/gcc/x86_64-pc-linux-gnu/9.3.0/../../../../include/c++/9.3.0/x86_64-pc-linux-gnu
 /opt/app/spack/opt/spack/linux-centos7-cascadelake/gcc-9.3.0/gcc-9.3.0-dbbauldxrmfyfdgmglkhbhgsr4ijo3ti/lib/gcc/x86_64-pc-linux-gnu/9.3.0/../../../../include/c++/9.3.0/backward
 /opt/app/spack/opt/spack/linux-centos7-cascadelake/gcc-9.3.0/gcc-9.3.0-dbbauldxrmfyfdgmglkhbhgsr4ijo3ti/lib/gcc/x86_64-pc-linux-gnu/9.3.0/include
 /usr/local/include
 /opt/app/spack/opt/spack/linux-centos7-cascadelake/gcc-9.3.0/gcc-9.3.0-dbbauldxrmfyfdgmglkhbhgsr4ijo3ti/include
 /opt/app/spack/opt/spack/linux-centos7-cascadelake/gcc-9.3.0/gcc-9.3.0-dbbauldxrmfyfdgmglkhbhgsr4ijo3ti/lib/gcc/x86_64-pc-linux-gnu/9.3.0/include-fixed
 /usr/include
End of search list.
GNU C++14 (Spack GCC) version 9.3.0 (x86_64-pc-linux-gnu)
	compiled by GNU C version 9.3.0, GMP version 6.1.2, MPFR version 3.1.6-p2, MPC version 1.1.0, isl version none
GGC heuristics: --param ggc-min-expand=64 --param ggc-min-heapsize=65536
Compiler executable checksum: 8076e97f741439d4b0327c8c3ac0325e
COLLECT_GCC_OPTIONS='-v' '-o' 'CMakeFiles/cmTC_c8bc7.dir/CMakeCXXCompilerABI.cpp.o' '-c' '-shared-libgcc' '-mtune=generic' '-march=x86-64'
 /opt/app/spack/opt/spack/linux-centos7-cascadelake/gcc-9.3.0/binutils-2.36.1-7iujcskw66k22vbebfqlgjpzzde6bm74/bin/as -v --64 -o CMakeFiles/cmTC_c8bc7.dir/CMakeCXXCompilerABI.cpp.o /tmp/cc19Fr1j.s
GNU assembler version 2.36.1 (x86_64-pc-linux-gnu) using BFD version (GNU Binutils) 2.36.1
COMPILER_PATH=/opt/app/spack/opt/spack/linux-centos7-cascadelake/gcc-9.3.0/gcc-9.3.0-dbbauldxrmfyfdgmglkhbhgsr4ijo3ti/libexec/gcc/x86_64-pc-linux-gnu/9.3.0/:/opt/app/spack/opt/spack/linux-centos7-cascadelake/gcc-9.3.0/gcc-9.3.0-dbbauldxrmfyfdgmglkhbhgsr4ijo3ti/libexec/gcc/x86_64-pc-linux-gnu/9.3.0/:/opt/app/spack/opt/spack/linux-centos7-cascadelake/gcc-9.3.0/gcc-9.3.0-dbbauldxrmfyfdgmglkhbhgsr4ijo3ti/libexec/gcc/x86_64-pc-linux-gnu/:/opt/app/spack/opt/spack/linux-centos7-cascadelake/gcc-9.3.0/gcc-9.3.0-dbbauldxrmfyfdgmglkhbhgsr4ijo3ti/lib/gcc/x86_64-pc-linux-gnu/9.3.0/:/opt/app/spack/opt/spack/linux-centos7-cascadelake/gcc-9.3.0/gcc-9.3.0-dbbauldxrmfyfdgmglkhbhgsr4ijo3ti/lib/gcc/x86_64-pc-linux-gnu/
LIBRARY_PATH=/opt/app/spack/opt/spack/linux-centos7-cascadelake/gcc-9.3.0/gcc-9.3.0-dbbauldxrmfyfdgmglkhbhgsr4ijo3ti/lib/gcc/x86_64-pc-linux-gnu/9.3.0/:/opt/app/spack/opt/spack/linux-centos7-cascadelake/gcc-9.3.0/gcc-9.3.0-dbbauldxrmfyfdgmglkhbhgsr4ijo3ti/lib/gcc/x86_64-pc-linux-gnu/9.3.0/../../../../lib64/:/lib/../lib64/:/usr/lib/../lib64/:/opt/app/spack/opt/spack/linux-centos7-cascadelake/gcc-9.3.0/gcc-9.3.0-dbbauldxrmfyfdgmglkhbhgsr4ijo3ti/lib/gcc/x86_64-pc-linux-gnu/9.3.0/../../../:/lib/:/usr/lib/
COLLECT_GCC_OPTIONS='-v' '-o' 'CMakeFiles/cmTC_c8bc7.dir/CMakeCXXCompilerABI.cpp.o' '-c' '-shared-libgcc' '-mtune=generic' '-march=x86-64'
Linking CXX executable cmTC_c8bc7
/opt/app/spack/opt/spack/linux-centos7-cascadelake/gcc-9.3.0/cmake-3.19.5-3rytwgxrsuwtsrjkxxgnzvm6arm3ihdr/bin/cmake -E cmake_link_script CMakeFiles/cmTC_c8bc7.dir/link.txt --verbose=1
/opt/app/spack/opt/spack/linux-centos7-cascadelake/gcc-9.3.0/gcc-9.3.0-dbbauldxrmfyfdgmglkhbhgsr4ijo3ti/bin/g++  -v CMakeFiles/cmTC_c8bc7.dir/CMakeCXXCompilerABI.cpp.o -o cmTC_c8bc7 
Reading specs from /opt/app/spack/opt/spack/linux-centos7-cascadelake/gcc-9.3.0/gcc-9.3.0-dbbauldxrmfyfdgmglkhbhgsr4ijo3ti/lib/gcc/x86_64-pc-linux-gnu/9.3.0/specs
COLLECT_GCC=/opt/app/spack/opt/spack/linux-centos7-cascadelake/gcc-9.3.0/gcc-9.3.0-dbbauldxrmfyfdgmglkhbhgsr4ijo3ti/bin/g++
COLLECT_LTO_WRAPPER=/opt/app/spack/opt/spack/linux-centos7-cascadelake/gcc-9.3.0/gcc-9.3.0-dbbauldxrmfyfdgmglkhbhgsr4ijo3ti/libexec/gcc/x86_64-pc-linux-gnu/9.3.0/lto-wrapper
Target: x86_64-pc-linux-gnu
Configured with: /tmp/root/spack-stage/spack-stage-gcc-9.3.0-dbbauldxrmfyfdgmglkhbhgsr4ijo3ti/spack-src/configure --prefix=/opt/app/spack/opt/spack/linux-centos7-cascadelake/gcc-9.3.0/gcc-9.3.0-dbbauldxrmfyfdgmglkhbhgsr4ijo3ti --with-pkgversion='Spack GCC' --with-bugurl=https://github.com/spack/spack/issues --disable-multilib --enable-languages=c,c++,fortran --disable-nls --with-system-zlib --with-gnu-ld --with-ld=/opt/app/spack/opt/spack/linux-centos7-cascadelake/gcc-9.3.0/binutils-2.36.1-7iujcskw66k22vbebfqlgjpzzde6bm74/bin/ld --with-gnu-as --with-as=/opt/app/spack/opt/spack/linux-centos7-cascadelake/gcc-9.3.0/binutils-2.36.1-7iujcskw66k22vbebfqlgjpzzde6bm74/bin/as --with-mpfr-include=/opt/app/spack/opt/spack/linux-centos7-cascadelake/gcc-9.3.0/mpfr-3.1.6-773abspid47jpmdfla2mtculcat2x6xb/include --with-mpfr-lib=/opt/app/spack/opt/spack/linux-centos7-cascadelake/gcc-9.3.0/mpfr-3.1.6-773abspid47jpmdfla2mtculcat2x6xb/lib --with-gmp-include=/opt/app/spack/opt/spack/linux-centos7-cascadelake/gcc-9.3.0/gmp-6.1.2-iu4ikxmkdtdx7gyzyz4w4srr7rauig4b/include --with-gmp-lib=/opt/app/spack/opt/spack/linux-centos7-cascadelake/gcc-9.3.0/gmp-6.1.2-iu4ikxmkdtdx7gyzyz4w4srr7rauig4b/lib --with-mpc-include=/opt/app/spack/opt/spack/linux-centos7-cascadelake/gcc-9.3.0/mpc-1.1.0-jijf4bvjshzvnf5rr3pms33uhjoqymly/include --with-mpc-lib=/opt/app/spack/opt/spack/linux-centos7-cascadelake/gcc-9.3.0/mpc-1.1.0-jijf4bvjshzvnf5rr3pms33uhjoqymly/lib --without-isl --with-stage1-ldflags='-Wl,-rpath,/opt/app/spack/opt/spack/linux-centos7-cascadelake/gcc-9.3.0/gcc-9.3.0-dbbauldxrmfyfdgmglkhbhgsr4ijo3ti/lib -Wl,-rpath,/opt/app/spack/opt/spack/linux-centos7-cascadelake/gcc-9.3.0/gcc-9.3.0-dbbauldxrmfyfdgmglkhbhgsr4ijo3ti/lib64 -Wl,-rpath,/opt/app/spack/opt/spack/linux-centos7-cascadelake/gcc-9.3.0/mpc-1.1.0-jijf4bvjshzvnf5rr3pms33uhjoqymly/lib -Wl,-rpath,/opt/app/spack/opt/spack/linux-centos7-cascadelake/gcc-9.3.0/zlib-1.2.11-eju6t3rfl2ftmogn234pq6etx4bvc2tb/lib -Wl,-rpath,/opt/app/spack/opt/spack/linux-centos7-cascadelake/gcc-9.3.0/gmp-6.1.2-iu4ikxmkdtdx7gyzyz4w4srr7rauig4b/lib -Wl,-rpath,/opt/app/spack/opt/spack/linux-centos7-cascadelake/gcc-9.3.0/binutils-2.36.1-7iujcskw66k22vbebfqlgjpzzde6bm74/lib -Wl,-rpath,/opt/app/spack/opt/spack/linux-centos7-cascadelake/gcc-9.3.0/mpfr-3.1.6-773abspid47jpmdfla2mtculcat2x6xb/lib' --with-boot-ldflags='-Wl,-rpath,/opt/app/spack/opt/spack/linux-centos7-cascadelake/gcc-9.3.0/gcc-9.3.0-dbbauldxrmfyfdgmglkhbhgsr4ijo3ti/lib -Wl,-rpath,/opt/app/spack/opt/spack/linux-centos7-cascadelake/gcc-9.3.0/gcc-9.3.0-dbbauldxrmfyfdgmglkhbhgsr4ijo3ti/lib64 -Wl,-rpath,/opt/app/spack/opt/spack/linux-centos7-cascadelake/gcc-9.3.0/mpc-1.1.0-jijf4bvjshzvnf5rr3pms33uhjoqymly/lib -Wl,-rpath,/opt/app/spack/opt/spack/linux-centos7-cascadelake/gcc-9.3.0/zlib-1.2.11-eju6t3rfl2ftmogn234pq6etx4bvc2tb/lib -Wl,-rpath,/opt/app/spack/opt/spack/linux-centos7-cascadelake/gcc-9.3.0/gmp-6.1.2-iu4ikxmkdtdx7gyzyz4w4srr7rauig4b/lib -Wl,-rpath,/opt/app/spack/opt/spack/linux-centos7-cascadelake/gcc-9.3.0/binutils-2.36.1-7iujcskw66k22vbebfqlgjpzzde6bm74/lib -Wl,-rpath,/opt/app/spack/opt/spack/linux-centos7-cascadelake/gcc-9.3.0/mpfr-3.1.6-773abspid47jpmdfla2mtculcat2x6xb/lib -static-libstdc++ -static-libgcc'
Thread model: posix
gcc version 9.3.0 (Spack GCC) 
COMPILER_PATH=/opt/app/spack/opt/spack/linux-centos7-cascadelake/gcc-9.3.0/gcc-9.3.0-dbbauldxrmfyfdgmglkhbhgsr4ijo3ti/libexec/gcc/x86_64-pc-linux-gnu/9.3.0/:/opt/app/spack/opt/spack/linux-centos7-cascadelake/gcc-9.3.0/gcc-9.3.0-dbbauldxrmfyfdgmglkhbhgsr4ijo3ti/libexec/gcc/x86_64-pc-linux-gnu/9.3.0/:/opt/app/spack/opt/spack/linux-centos7-cascadelake/gcc-9.3.0/gcc-9.3.0-dbbauldxrmfyfdgmglkhbhgsr4ijo3ti/libexec/gcc/x86_64-pc-linux-gnu/:/opt/app/spack/opt/spack/linux-centos7-cascadelake/gcc-9.3.0/gcc-9.3.0-dbbauldxrmfyfdgmglkhbhgsr4ijo3ti/lib/gcc/x86_64-pc-linux-gnu/9.3.0/:/opt/app/spack/opt/spack/linux-centos7-cascadelake/gcc-9.3.0/gcc-9.3.0-dbbauldxrmfyfdgmglkhbhgsr4ijo3ti/lib/gcc/x86_64-pc-linux-gnu/
LIBRARY_PATH=/opt/app/spack/opt/spack/linux-centos7-cascadelake/gcc-9.3.0/gcc-9.3.0-dbbauldxrmfyfdgmglkhbhgsr4ijo3ti/lib/gcc/x86_64-pc-linux-gnu/9.3.0/:/opt/app/spack/opt/spack/linux-centos7-cascadelake/gcc-9.3.0/gcc-9.3.0-dbbauldxrmfyfdgmglkhbhgsr4ijo3ti/lib/gcc/x86_64-pc-linux-gnu/9.3.0/../../../../lib64/:/lib/../lib64/:/usr/lib/../lib64/:/opt/app/spack/opt/spack/linux-centos7-cascadelake/gcc-9.3.0/gcc-9.3.0-dbbauldxrmfyfdgmglkhbhgsr4ijo3ti/lib/gcc/x86_64-pc-linux-gnu/9.3.0/../../../:/lib/:/usr/lib/
COLLECT_GCC_OPTIONS='-v' '-o' 'cmTC_c8bc7' '-shared-libgcc' '-mtune=generic' '-march=x86-64'
 /opt/app/spack/opt/spack/linux-centos7-cascadelake/gcc-9.3.0/gcc-9.3.0-dbbauldxrmfyfdgmglkhbhgsr4ijo3ti/libexec/gcc/x86_64-pc-linux-gnu/9.3.0/collect2 -plugin /opt/app/spack/opt/spack/linux-centos7-cascadelake/gcc-9.3.0/gcc-9.3.0-dbbauldxrmfyfdgmglkhbhgsr4ijo3ti/libexec/gcc/x86_64-pc-linux-gnu/9.3.0/liblto_plugin.so -plugin-opt=/opt/app/spack/opt/spack/linux-centos7-cascadelake/gcc-9.3.0/gcc-9.3.0-dbbauldxrmfyfdgmglkhbhgsr4ijo3ti/libexec/gcc/x86_64-pc-linux-gnu/9.3.0/lto-wrapper -plugin-opt=-fresolution=/tmp/cc2CLa6q.res -plugin-opt=-pass-through=-lgcc_s -plugin-opt=-pass-through=-lgcc -plugin-opt=-pass-through=-lc -plugin-opt=-pass-through=-lgcc_s -plugin-opt=-pass-through=-lgcc -rpath /opt/app/spack/opt/spack/linux-centos7-cascadelake/gcc-9.3.0/gcc-9.3.0-dbbauldxrmfyfdgmglkhbhgsr4ijo3ti/lib:/opt/app/spack/opt/spack/linux-centos7-cascadelake/gcc-9.3.0/gcc-9.3.0-dbbauldxrmfyfdgmglkhbhgsr4ijo3ti/lib64 --eh-frame-hdr -m elf_x86_64 -dynamic-linker /lib64/ld-linux-x86-64.so.2 -o cmTC_c8bc7 /lib/../lib64/crt1.o /lib/../lib64/crti.o /opt/app/spack/opt/spack/linux-centos7-cascadelake/gcc-9.3.0/gcc-9.3.0-dbbauldxrmfyfdgmglkhbhgsr4ijo3ti/lib/gcc/x86_64-pc-linux-gnu/9.3.0/crtbegin.o -L/opt/app/spack/opt/spack/linux-centos7-cascadelake/gcc-9.3.0/gcc-9.3.0-dbbauldxrmfyfdgmglkhbhgsr4ijo3ti/lib/gcc/x86_64-pc-linux-gnu/9.3.0 -L/opt/app/spack/opt/spack/linux-centos7-cascadelake/gcc-9.3.0/gcc-9.3.0-dbbauldxrmfyfdgmglkhbhgsr4ijo3ti/lib/gcc/x86_64-pc-linux-gnu/9.3.0/../../../../lib64 -L/lib/../lib64 -L/usr/lib/../lib64 -L/opt/app/spack/opt/spack/linux-centos7-cascadelake/gcc-9.3.0/gcc-9.3.0-dbbauldxrmfyfdgmglkhbhgsr4ijo3ti/lib/gcc/x86_64-pc-linux-gnu/9.3.0/../../.. CMakeFiles/cmTC_c8bc7.dir/CMakeCXXCompilerABI.cpp.o -lstdc++ -lm -lgcc_s -lgcc -lc -lgcc_s -lgcc /opt/app/spack/opt/spack/linux-centos7-cascadelake/gcc-9.3.0/gcc-9.3.0-dbbauldxrmfyfdgmglkhbhgsr4ijo3ti/lib/gcc/x86_64-pc-linux-gnu/9.3.0/crtend.o /lib/../lib64/crtn.o
COLLECT_GCC_OPTIONS='-v' '-o' 'cmTC_c8bc7' '-shared-libgcc' '-mtune=generic' '-march=x86-64'
gmake[1]: Leaving directory `/home/leiyq2024/geant4_work/B0/build/CMakeFiles/CMakeTmp'



Parsed CXX implicit include dir info from above output: rv=done
  found start of include info
  found start of implicit include info
    add: [/opt/app/spack/opt/spack/linux-centos7-cascadelake/gcc-9.3.0/gcc-9.3.0-dbbauldxrmfyfdgmglkhbhgsr4ijo3ti/lib/gcc/x86_64-pc-linux-gnu/9.3.0/../../../../include/c++/9.3.0]
    add: [/opt/app/spack/opt/spack/linux-centos7-cascadelake/gcc-9.3.0/gcc-9.3.0-dbbauldxrmfyfdgmglkhbhgsr4ijo3ti/lib/gcc/x86_64-pc-linux-gnu/9.3.0/../../../../include/c++/9.3.0/x86_64-pc-linux-gnu]
    add: [/opt/app/spack/opt/spack/linux-centos7-cascadelake/gcc-9.3.0/gcc-9.3.0-dbbauldxrmfyfdgmglkhbhgsr4ijo3ti/lib/gcc/x86_64-pc-linux-gnu/9.3.0/../../../../include/c++/9.3.0/backward]
    add: [/opt/app/spack/opt/spack/linux-centos7-cascadelake/gcc-9.3.0/gcc-9.3.0-dbbauldxrmfyfdgmglkhbhgsr4ijo3ti/lib/gcc/x86_64-pc-linux-gnu/9.3.0/include]
    add: [/usr/local/include]
    add: [/opt/app/spack/opt/spack/linux-centos7-cascadelake/gcc-9.3.0/gcc-9.3.0-dbbauldxrmfyfdgmglkhbhgsr4ijo3ti/include]
    add: [/opt/app/spack/opt/spack/linux-centos7-cascadelake/gcc-9.3.0/gcc-9.3.0-dbbauldxrmfyfdgmglkhbhgsr4ijo3ti/lib/gcc/x86_64-pc-linux-gnu/9.3.0/include-fixed]
    add: [/usr/include]
  end of search list found
  collapse include dir [/opt/app/spack/opt/spack/linux-centos7-cascadelake/gcc-9.3.0/gcc-9.3.0-dbbauldxrmfyfdgmglkhbhgsr4ijo3ti/lib/gcc/x86_64-pc-linux-gnu/9.3.0/../../../../include/c++/9.3.0] ==> [/opt/app/spack/opt/spack/linux-centos7-cascadelake/gcc-9.3.0/gcc-9.3.0-dbbauldxrmfyfdgmglkhbhgsr4ijo3ti/include/c++/9.3.0]
  collapse include dir [/opt/app/spack/opt/spack/linux-centos7-cascadelake/gcc-9.3.0/gcc-9.3.0-dbbauldxrmfyfdgmglkhbhgsr4ijo3ti/lib/gcc/x86_64-pc-linux-gnu/9.3.0/../../../../include/c++/9.3.0/x86_64-pc-linux-gnu] ==> [/opt/app/spack/opt/spack/linux-centos7-cascadelake/gcc-9.3.0/gcc-9.3.0-dbbauldxrmfyfdgmglkhbhgsr4ijo3ti/include/c++/9.3.0/x86_64-pc-linux-gnu]
  collapse include dir [/opt/app/spack/opt/spack/linux-centos7-cascadelake/gcc-9.3.0/gcc-9.3.0-dbbauldxrmfyfdgmglkhbhgsr4ijo3ti/lib/gcc/x86_64-pc-linux-gnu/9.3.0/../../../../include/c++/9.3.0/backward] ==> [/opt/app/spack/opt/spack/linux-centos7-cascadelake/gcc-9.3.0/gcc-9.3.0-dbbauldxrmfyfdgmglkhbhgsr4ijo3ti/include/c++/9.3.0/backward]
  collapse include dir [/opt/app/spack/opt/spack/linux-centos7-cascadelake/gcc-9.3.0/gcc-9.3.0-dbbauldxrmfyfdgmglkhbhgsr4ijo3ti/lib/gcc/x86_64-pc-linux-gnu/9.3.0/include] ==> [/opt/app/spack/opt/spack/linux-centos7-cascadelake/gcc-9.3.0/gcc-9.3.0-dbbauldxrmfyfdgmglkhbhgsr4ijo3ti/lib/gcc/x86_64-pc-linux-gnu/9.3.0/include]
  collapse include dir [/usr/local/include] ==> [/usr/local/include]
  collapse include dir [/opt/app/spack/opt/spack/linux-centos7-cascadelake/gcc-9.3.0/gcc-9.3.0-dbbauldxrmfyfdgmglkhbhgsr4ijo3ti/include] ==> [/opt/app/spack/opt/spack/linux-centos7-cascadelake/gcc-9.3.0/gcc-9.3.0-dbbauldxrmfyfdgmglkhbhgsr4ijo3ti/include]
  collapse include dir [/opt/app/spack/opt/spack/linux-centos7-cascadelake/gcc-9.3.0/gcc-9.3.0-dbbauldxrmfyfdgmglkhbhgsr4ijo3ti/lib/gcc/x86_64-pc-linux-gnu/9.3.0/include-fixed] ==> [/opt/app/spack/opt/spack/linux-centos7-cascadelake/gcc-9.3.0/gcc-9.3.0-dbbauldxrmfyfdgmglkhbhgsr4ijo3ti/lib/gcc/x86_64-pc-linux-gnu/9.3.0/include-fixed]
  collapse include dir [/usr/include] ==> [/usr/include]
  implicit include dirs: [/opt/app/spack/opt/spack/linux-centos7-cascadelake/gcc-9.3.0/gcc-9.3.0-dbbauldxrmfyfdgmglkhbhgsr4ijo3ti/include/c++/9.3.0;/opt/app/spack/opt/spack/linux-centos7-cascadelake/gcc-9.3.0/gcc-9.3.0-dbbauldxrmfyfdgmglkhbhgsr4ijo3ti/include/c++/9.3.0/x86_64-pc-linux-gnu;/opt/app/spack/opt/spack/linux-centos7-cascadelake/gcc-9.3.0/gcc-9.3.0-dbbauldxrmfyfdgmglkhbhgsr4ijo3ti/include/c++/9.3.0/backward;/opt/app/spack/opt/spack/linux-centos7-cascadelake/gcc-9.3.0/gcc-9.3.0-dbbauldxrmfyfdgmglkhbhgsr4ijo3ti/lib/gcc/x86_64-pc-linux-gnu/9.3.0/include;/usr/local/include;/opt/app/spack/opt/spack/linux-centos7-cascadelake/gcc-9.3.0/gcc-9.3.0-dbbauldxrmfyfdgmglkhbhgsr4ijo3ti/include;/opt/app/spack/opt/spack/linux-centos7-cascadelake/gcc-9.3.0/gcc-9.3.0-dbbauldxrmfyfdgmglkhbhgsr4ijo3ti/lib/gcc/x86_64-pc-linux-gnu/9.3.0/include-fixed;/usr/include]


Parsed CXX implicit link information from above output:
  link line regex: [^( *|.*[/\])(ld|CMAKE_LINK_STARTFILE-NOTFOUND|([^/\]+-)?ld|collect2)[^/\]*( |$)]
  ignore line: [Change Dir: /home/leiyq2024/geant4_work/B0/build/CMakeFiles/CMakeTmp]
  ignore line: []
  ignore line: [Run Build Command(s):/usr/bin/gmake cmTC_c8bc7/fast && /usr/bin/gmake  -f CMakeFiles/cmTC_c8bc7.dir/build.make CMakeFiles/cmTC_c8bc7.dir/build]
  ignore line: [gmake[1]: Entering directory `/home/leiyq2024/geant4_work/B0/build/CMakeFiles/CMakeTmp']
  ignore line: [Building CXX object CMakeFiles/cmTC_c8bc7.dir/CMakeCXXCompilerABI.cpp.o]
  ignore line: [/opt/app/spack/opt/spack/linux-centos7-cascadelake/gcc-9.3.0/gcc-9.3.0-dbbauldxrmfyfdgmglkhbhgsr4ijo3ti/bin/g++   -v -o CMakeFiles/cmTC_c8bc7.dir/CMakeCXXCompilerABI.cpp.o -c /opt/app/spack/opt/spack/linux-centos7-cascadelake/gcc-9.3.0/cmake-3.19.5-3rytwgxrsuwtsrjkxxgnzvm6arm3ihdr/share/cmake-3.19/Modules/CMakeCXXCompilerABI.cpp]
  ignore line: [Reading specs from /opt/app/spack/opt/spack/linux-centos7-cascadelake/gcc-9.3.0/gcc-9.3.0-dbbauldxrmfyfdgmglkhbhgsr4ijo3ti/lib/gcc/x86_64-pc-linux-gnu/9.3.0/specs]
  ignore line: [COLLECT_GCC=/opt/app/spack/opt/spack/linux-centos7-cascadelake/gcc-9.3.0/gcc-9.3.0-dbbauldxrmfyfdgmglkhbhgsr4ijo3ti/bin/g++]
  ignore line: [Target: x86_64-pc-linux-gnu]
  ignore line: [Configured with: /tmp/root/spack-stage/spack-stage-gcc-9.3.0-dbbauldxrmfyfdgmglkhbhgsr4ijo3ti/spack-src/configure --prefix=/opt/app/spack/opt/spack/linux-centos7-cascadelake/gcc-9.3.0/gcc-9.3.0-dbbauldxrmfyfdgmglkhbhgsr4ijo3ti --with-pkgversion='Spack GCC' --with-bugurl=https://github.com/spack/spack/issues --disable-multilib --enable-languages=c,c++,fortran --disable-nls --with-system-zlib --with-gnu-ld --with-ld=/opt/app/spack/opt/spack/linux-centos7-cascadelake/gcc-9.3.0/binutils-2.36.1-7iujcskw66k22vbebfqlgjpzzde6bm74/bin/ld --with-gnu-as --with-as=/opt/app/spack/opt/spack/linux-centos7-cascadelake/gcc-9.3.0/binutils-2.36.1-7iujcskw66k22vbebfqlgjpzzde6bm74/bin/as --with-mpfr-include=/opt/app/spack/opt/spack/linux-centos7-cascadelake/gcc-9.3.0/mpfr-3.1.6-773abspid47jpmdfla2mtculcat2x6xb/include --with-mpfr-lib=/opt/app/spack/opt/spack/linux-centos7-cascadelake/gcc-9.3.0/mpfr-3.1.6-773abspid47jpmdfla2mtculcat2x6xb/lib --with-gmp-include=/opt/app/spack/opt/spack/linux-centos7-cascadelake/gcc-9.3.0/gmp-6.1.2-iu4ikxmkdtdx7gyzyz4w4srr7rauig4b/include --with-gmp-lib=/opt/app/spack/opt/spack/linux-centos7-cascadelake/gcc-9.3.0/gmp-6.1.2-iu4ikxmkdtdx7gyzyz4w4srr7rauig4b/lib --with-mpc-include=/opt/app/spack/opt/spack/linux-centos7-cascadelake/gcc-9.3.0/mpc-1.1.0-jijf4bvjshzvnf5rr3pms33uhjoqymly/include --with-mpc-lib=/opt/app/spack/opt/spack/linux-centos7-cascadelake/gcc-9.3.0/mpc-1.1.0-jijf4bvjshzvnf5rr3pms33uhjoqymly/lib --without-isl --with-stage1-ldflags='-Wl,-rpath,/opt/app/spack/opt/spack/linux-centos7-cascadelake/gcc-9.3.0/gcc-9.3.0-dbbauldxrmfyfdgmglkhbhgsr4ijo3ti/lib -Wl,-rpath,/opt/app/spack/opt/spack/linux-centos7-cascadelake/gcc-9.3.0/gcc-9.3.0-dbbauldxrmfyfdgmglkhbhgsr4ijo3ti/lib64 -Wl,-rpath,/opt/app/spack/opt/spack/linux-centos7-cascadelake/gcc-9.3.0/mpc-1.1.0-jijf4bvjshzvnf5rr3pms33uhjoqymly/lib -Wl,-rpath,/opt/app/spack/opt/spack/linux-centos7-cascadelake/gcc-9.3.0/zlib-1.2.11-eju6t3rfl2ftmogn234pq6etx4bvc2tb/lib -Wl,-rpath,/opt/app/spack/opt/spack/linux-centos7-cascadelake/gcc-9.3.0/gmp-6.1.2-iu4ikxmkdtdx7gyzyz4w4srr7rauig4b/lib -Wl,-rpath,/opt/app/spack/opt/spack/linux-centos7-cascadelake/gcc-9.3.0/binutils-2.36.1-7iujcskw66k22vbebfqlgjpzzde6bm74/lib -Wl,-rpath,/opt/app/spack/opt/spack/linux-centos7-cascadelake/gcc-9.3.0/mpfr-3.1.6-773abspid47jpmdfla2mtculcat2x6xb/lib' --with-boot-ldflags='-Wl,-rpath,/opt/app/spack/opt/spack/linux-centos7-cascadelake/gcc-9.3.0/gcc-9.3.0-dbbauldxrmfyfdgmglkhbhgsr4ijo3ti/lib -Wl,-rpath,/opt/app/spack/opt/spack/linux-centos7-cascadelake/gcc-9.3.0/gcc-9.3.0-dbbauldxrmfyfdgmglkhbhgsr4ijo3ti/lib64 -Wl,-rpath,/opt/app/spack/opt/spack/linux-centos7-cascadelake/gcc-9.3.0/mpc-1.1.0-jijf4bvjshzvnf5rr3pms33uhjoqymly/lib -Wl,-rpath,/opt/app/spack/opt/spack/linux-centos7-cascadelake/gcc-9.3.0/zlib-1.2.11-eju6t3rfl2ftmogn234pq6etx4bvc2tb/lib -Wl,-rpath,/opt/app/spack/opt/spack/linux-centos7-cascadelake/gcc-9.3.0/gmp-6.1.2-iu4ikxmkdtdx7gyzyz4w4srr7rauig4b/lib -Wl,-rpath,/opt/app/spack/opt/spack/linux-centos7-cascadelake/gcc-9.3.0/binutils-2.36.1-7iujcskw66k22vbebfqlgjpzzde6bm74/lib -Wl,-rpath,/opt/app/spack/opt/spack/linux-centos7-cascadelake/gcc-9.3.0/mpfr-3.1.6-773abspid47jpmdfla2mtculcat2x6xb/lib -static-libstdc++ -static-libgcc']
  ignore line: [Thread model: posix]
  ignore line: [gcc version 9.3.0 (Spack GCC) ]
  ignore line: [COLLECT_GCC_OPTIONS='-v' '-o' 'CMakeFiles/cmTC_c8bc7.dir/CMakeCXXCompilerABI.cpp.o' '-c' '-shared-libgcc' '-mtune=generic' '-march=x86-64']
  ignore line: [ /opt/app/spack/opt/spack/linux-centos7-cascadelake/gcc-9.3.0/gcc-9.3.0-dbbauldxrmfyfdgmglkhbhgsr4ijo3ti/libexec/gcc/x86_64-pc-linux-gnu/9.3.0/cc1plus -quiet -v -D_GNU_SOURCE /opt/app/spack/opt/spack/linux-centos7-cascadelake/gcc-9.3.0/cmake-3.19.5-3rytwgxrsuwtsrjkxxgnzvm6arm3ihdr/share/cmake-3.19/Modules/CMakeCXXCompilerABI.cpp -quiet -dumpbase CMakeCXXCompilerABI.cpp -mtune=generic -march=x86-64 -auxbase-strip CMakeFiles/cmTC_c8bc7.dir/CMakeCXXCompilerABI.cpp.o -version -o /tmp/cc19Fr1j.s]
  ignore line: [GNU C++14 (Spack GCC) version 9.3.0 (x86_64-pc-linux-gnu)]
  ignore line: [	compiled by GNU C version 9.3.0  GMP version 6.1.2  MPFR version 3.1.6-p2  MPC version 1.1.0  isl version none]
  ignore line: [GGC heuristics: --param ggc-min-expand=64 --param ggc-min-heapsize=65536]
  ignore line: [ignoring nonexistent directory "/opt/app/spack/opt/spack/linux-centos7-cascadelake/gcc-9.3.0/gcc-9.3.0-dbbauldxrmfyfdgmglkhbhgsr4ijo3ti/lib/gcc/x86_64-pc-linux-gnu/9.3.0/../../../../x86_64-pc-linux-gnu/include"]
  ignore line: [#include "..." search starts here:]
  ignore line: [#include <...> search starts here:]
  ignore line: [ /opt/app/spack/opt/spack/linux-centos7-cascadelake/gcc-9.3.0/gcc-9.3.0-dbbauldxrmfyfdgmglkhbhgsr4ijo3ti/lib/gcc/x86_64-pc-linux-gnu/9.3.0/../../../../include/c++/9.3.0]
  ignore line: [ /opt/app/spack/opt/spack/linux-centos7-cascadelake/gcc-9.3.0/gcc-9.3.0-dbbauldxrmfyfdgmglkhbhgsr4ijo3ti/lib/gcc/x86_64-pc-linux-gnu/9.3.0/../../../../include/c++/9.3.0/x86_64-pc-linux-gnu]
  ignore line: [ /opt/app/spack/opt/spack/linux-centos7-cascadelake/gcc-9.3.0/gcc-9.3.0-dbbauldxrmfyfdgmglkhbhgsr4ijo3ti/lib/gcc/x86_64-pc-linux-gnu/9.3.0/../../../../include/c++/9.3.0/backward]
  ignore line: [ /opt/app/spack/opt/spack/linux-centos7-cascadelake/gcc-9.3.0/gcc-9.3.0-dbbauldxrmfyfdgmglkhbhgsr4ijo3ti/lib/gcc/x86_64-pc-linux-gnu/9.3.0/include]
  ignore line: [ /usr/local/include]
  ignore line: [ /opt/app/spack/opt/spack/linux-centos7-cascadelake/gcc-9.3.0/gcc-9.3.0-dbbauldxrmfyfdgmglkhbhgsr4ijo3ti/include]
  ignore line: [ /opt/app/spack/opt/spack/linux-centos7-cascadelake/gcc-9.3.0/gcc-9.3.0-dbbauldxrmfyfdgmglkhbhgsr4ijo3ti/lib/gcc/x86_64-pc-linux-gnu/9.3.0/include-fixed]
  ignore line: [ /usr/include]
  ignore line: [End of search list.]
  ignore line: [GNU C++14 (Spack GCC) version 9.3.0 (x86_64-pc-linux-gnu)]
  ignore line: [	compiled by GNU C version 9.3.0  GMP version 6.1.2  MPFR version 3.1.6-p2  MPC version 1.1.0  isl version none]
  ignore line: [GGC heuristics: --param ggc-min-expand=64 --param ggc-min-heapsize=65536]
  ignore line: [Compiler executable checksum: 8076e97f741439d4b0327c8c3ac0325e]
  ignore line: [COLLECT_GCC_OPTIONS='-v' '-o' 'CMakeFiles/cmTC_c8bc7.dir/CMakeCXXCompilerABI.cpp.o' '-c' '-shared-libgcc' '-mtune=generic' '-march=x86-64']
  ignore line: [ /opt/app/spack/opt/spack/linux-centos7-cascadelake/gcc-9.3.0/binutils-2.36.1-7iujcskw66k22vbebfqlgjpzzde6bm74/bin/as -v --64 -o CMakeFiles/cmTC_c8bc7.dir/CMakeCXXCompilerABI.cpp.o /tmp/cc19Fr1j.s]
  ignore line: [GNU assembler version 2.36.1 (x86_64-pc-linux-gnu) using BFD version (GNU Binutils) 2.36.1]
  ignore line: [COMPILER_PATH=/opt/app/spack/opt/spack/linux-centos7-cascadelake/gcc-9.3.0/gcc-9.3.0-dbbauldxrmfyfdgmglkhbhgsr4ijo3ti/libexec/gcc/x86_64-pc-linux-gnu/9.3.0/:/opt/app/spack/opt/spack/linux-centos7-cascadelake/gcc-9.3.0/gcc-9.3.0-dbbauldxrmfyfdgmglkhbhgsr4ijo3ti/libexec/gcc/x86_64-pc-linux-gnu/9.3.0/:/opt/app/spack/opt/spack/linux-centos7-cascadelake/gcc-9.3.0/gcc-9.3.0-dbbauldxrmfyfdgmglkhbhgsr4ijo3ti/libexec/gcc/x86_64-pc-linux-gnu/:/opt/app/spack/opt/spack/linux-centos7-cascadelake/gcc-9.3.0/gcc-9.3.0-dbbauldxrmfyfdgmglkhbhgsr4ijo3ti/lib/gcc/x86_64-pc-linux-gnu/9.3.0/:/opt/app/spack/opt/spack/linux-centos7-cascadelake/gcc-9.3.0/gcc-9.3.0-dbbauldxrmfyfdgmglkhbhgsr4ijo3ti/lib/gcc/x86_64-pc-linux-gnu/]
  ignore line: [LIBRARY_PATH=/opt/app/spack/opt/spack/linux-centos7-cascadelake/gcc-9.3.0/gcc-9.3.0-dbbauldxrmfyfdgmglkhbhgsr4ijo3ti/lib/gcc/x86_64-pc-linux-gnu/9.3.0/:/opt/app/spack/opt/spack/linux-centos7-cascadelake/gcc-9.3.0/gcc-9.3.0-dbbauldxrmfyfdgmglkhbhgsr4ijo3ti/lib/gcc/x86_64-pc-linux-gnu/9.3.0/../../../../lib64/:/lib/../lib64/:/usr/lib/../lib64/:/opt/app/spack/opt/spack/linux-centos7-cascadelake/gcc-9.3.0/gcc-9.3.0-dbbauldxrmfyfdgmglkhbhgsr4ijo3ti/lib/gcc/x86_64-pc-linux-gnu/9.3.0/../../../:/lib/:/usr/lib/]
  ignore line: [COLLECT_GCC_OPTIONS='-v' '-o' 'CMakeFiles/cmTC_c8bc7.dir/CMakeCXXCompilerABI.cpp.o' '-c' '-shared-libgcc' '-mtune=generic' '-march=x86-64']
  ignore line: [Linking CXX executable cmTC_c8bc7]
  ignore line: [/opt/app/spack/opt/spack/linux-centos7-cascadelake/gcc-9.3.0/cmake-3.19.5-3rytwgxrsuwtsrjkxxgnzvm6arm3ihdr/bin/cmake -E cmake_link_script CMakeFiles/cmTC_c8bc7.dir/link.txt --verbose=1]
  ignore line: [/opt/app/spack/opt/spack/linux-centos7-cascadelake/gcc-9.3.0/gcc-9.3.0-dbbauldxrmfyfdgmglkhbhgsr4ijo3ti/bin/g++  -v CMakeFiles/cmTC_c8bc7.dir/CMakeCXXCompilerABI.cpp.o -o cmTC_c8bc7 ]
  ignore line: [Reading specs from /opt/app/spack/opt/spack/linux-centos7-cascadelake/gcc-9.3.0/gcc-9.3.0-dbbauldxrmfyfdgmglkhbhgsr4ijo3ti/lib/gcc/x86_64-pc-linux-gnu/9.3.0/specs]
  ignore line: [COLLECT_GCC=/opt/app/spack/opt/spack/linux-centos7-cascadelake/gcc-9.3.0/gcc-9.3.0-dbbauldxrmfyfdgmglkhbhgsr4ijo3ti/bin/g++]
  ignore line: [COLLECT_LTO_WRAPPER=/opt/app/spack/opt/spack/linux-centos7-cascadelake/gcc-9.3.0/gcc-9.3.0-dbbauldxrmfyfdgmglkhbhgsr4ijo3ti/libexec/gcc/x86_64-pc-linux-gnu/9.3.0/lto-wrapper]
  ignore line: [Target: x86_64-pc-linux-gnu]
  ignore line: [Configured with: /tmp/root/spack-stage/spack-stage-gcc-9.3.0-dbbauldxrmfyfdgmglkhbhgsr4ijo3ti/spack-src/configure --prefix=/opt/app/spack/opt/spack/linux-centos7-cascadelake/gcc-9.3.0/gcc-9.3.0-dbbauldxrmfyfdgmglkhbhgsr4ijo3ti --with-pkgversion='Spack GCC' --with-bugurl=https://github.com/spack/spack/issues --disable-multilib --enable-languages=c,c++,fortran --disable-nls --with-system-zlib --with-gnu-ld --with-ld=/opt/app/spack/opt/spack/linux-centos7-cascadelake/gcc-9.3.0/binutils-2.36.1-7iujcskw66k22vbebfqlgjpzzde6bm74/bin/ld --with-gnu-as --with-as=/opt/app/spack/opt/spack/linux-centos7-cascadelake/gcc-9.3.0/binutils-2.36.1-7iujcskw66k22vbebfqlgjpzzde6bm74/bin/as --with-mpfr-include=/opt/app/spack/opt/spack/linux-centos7-cascadelake/gcc-9.3.0/mpfr-3.1.6-773abspid47jpmdfla2mtculcat2x6xb/include --with-mpfr-lib=/opt/app/spack/opt/spack/linux-centos7-cascadelake/gcc-9.3.0/mpfr-3.1.6-773abspid47jpmdfla2mtculcat2x6xb/lib --with-gmp-include=/opt/app/spack/opt/spack/linux-centos7-cascadelake/gcc-9.3.0/gmp-6.1.2-iu4ikxmkdtdx7gyzyz4w4srr7rauig4b/include --with-gmp-lib=/opt/app/spack/opt/spack/linux-centos7-cascadelake/gcc-9.3.0/gmp-6.1.2-iu4ikxmkdtdx7gyzyz4w4srr7rauig4b/lib --with-mpc-include=/opt/app/spack/opt/spack/linux-centos7-cascadelake/gcc-9.3.0/mpc-1.1.0-jijf4bvjshzvnf5rr3pms33uhjoqymly/include --with-mpc-lib=/opt/app/spack/opt/spack/linux-centos7-cascadelake/gcc-9.3.0/mpc-1.1.0-jijf4bvjshzvnf5rr3pms33uhjoqymly/lib --without-isl --with-stage1-ldflags='-Wl,-rpath,/opt/app/spack/opt/spack/linux-centos7-cascadelake/gcc-9.3.0/gcc-9.3.0-dbbauldxrmfyfdgmglkhbhgsr4ijo3ti/lib -Wl,-rpath,/opt/app/spack/opt/spack/linux-centos7-cascadelake/gcc-9.3.0/gcc-9.3.0-dbbauldxrmfyfdgmglkhbhgsr4ijo3ti/lib64 -Wl,-rpath,/opt/app/spack/opt/spack/linux-centos7-cascadelake/gcc-9.3.0/mpc-1.1.0-jijf4bvjshzvnf5rr3pms33uhjoqymly/lib -Wl,-rpath,/opt/app/spack/opt/spack/linux-centos7-cascadelake/gcc-9.3.0/zlib-1.2.11-eju6t3rfl2ftmogn234pq6etx4bvc2tb/lib -Wl,-rpath,/opt/app/spack/opt/spack/linux-centos7-cascadelake/gcc-9.3.0/gmp-6.1.2-iu4ikxmkdtdx7gyzyz4w4srr7rauig4b/lib -Wl,-rpath,/opt/app/spack/opt/spack/linux-centos7-cascadelake/gcc-9.3.0/binutils-2.36.1-7iujcskw66k22vbebfqlgjpzzde6bm74/lib -Wl,-rpath,/opt/app/spack/opt/spack/linux-centos7-cascadelake/gcc-9.3.0/mpfr-3.1.6-773abspid47jpmdfla2mtculcat2x6xb/lib' --with-boot-ldflags='-Wl,-rpath,/opt/app/spack/opt/spack/linux-centos7-cascadelake/gcc-9.3.0/gcc-9.3.0-dbbauldxrmfyfdgmglkhbhgsr4ijo3ti/lib -Wl,-rpath,/opt/app/spack/opt/spack/linux-centos7-cascadelake/gcc-9.3.0/gcc-9.3.0-dbbauldxrmfyfdgmglkhbhgsr4ijo3ti/lib64 -Wl,-rpath,/opt/app/spack/opt/spack/linux-centos7-cascadelake/gcc-9.3.0/mpc-1.1.0-jijf4bvjshzvnf5rr3pms33uhjoqymly/lib -Wl,-rpath,/opt/app/spack/opt/spack/linux-centos7-cascadelake/gcc-9.3.0/zlib-1.2.11-eju6t3rfl2ftmogn234pq6etx4bvc2tb/lib -Wl,-rpath,/opt/app/spack/opt/spack/linux-centos7-cascadelake/gcc-9.3.0/gmp-6.1.2-iu4ikxmkdtdx7gyzyz4w4srr7rauig4b/lib -Wl,-rpath,/opt/app/spack/opt/spack/linux-centos7-cascadelake/gcc-9.3.0/binutils-2.36.1-7iujcskw66k22vbebfqlgjpzzde6bm74/lib -Wl,-rpath,/opt/app/spack/opt/spack/linux-centos7-cascadelake/gcc-9.3.0/mpfr-3.1.6-773abspid47jpmdfla2mtculcat2x6xb/lib -static-libstdc++ -static-libgcc']
  ignore line: [Thread model: posix]
  ignore line: [gcc version 9.3.0 (Spack GCC) ]
  ignore line: [COMPILER_PATH=/opt/app/spack/opt/spack/linux-centos7-cascadelake/gcc-9.3.0/gcc-9.3.0-dbbauldxrmfyfdgmglkhbhgsr4ijo3ti/libexec/gcc/x86_64-pc-linux-gnu/9.3.0/:/opt/app/spack/opt/spack/linux-centos7-cascadelake/gcc-9.3.0/gcc-9.3.0-dbbauldxrmfyfdgmglkhbhgsr4ijo3ti/libexec/gcc/x86_64-pc-linux-gnu/9.3.0/:/opt/app/spack/opt/spack/linux-centos7-cascadelake/gcc-9.3.0/gcc-9.3.0-dbbauldxrmfyfdgmglkhbhgsr4ijo3ti/libexec/gcc/x86_64-pc-linux-gnu/:/opt/app/spack/opt/spack/linux-centos7-cascadelake/gcc-9.3.0/gcc-9.3.0-dbbauldxrmfyfdgmglkhbhgsr4ijo3ti/lib/gcc/x86_64-pc-linux-gnu/9.3.0/:/opt/app/spack/opt/spack/linux-centos7-cascadelake/gcc-9.3.0/gcc-9.3.0-dbbauldxrmfyfdgmglkhbhgsr4ijo3ti/lib/gcc/x86_64-pc-linux-gnu/]
  ignore line: [LIBRARY_PATH=/opt/app/spack/opt/spack/linux-centos7-cascadelake/gcc-9.3.0/gcc-9.3.0-dbbauldxrmfyfdgmglkhbhgsr4ijo3ti/lib/gcc/x86_64-pc-linux-gnu/9.3.0/:/opt/app/spack/opt/spack/linux-centos7-cascadelake/gcc-9.3.0/gcc-9.3.0-dbbauldxrmfyfdgmglkhbhgsr4ijo3ti/lib/gcc/x86_64-pc-linux-gnu/9.3.0/../../../../lib64/:/lib/../lib64/:/usr/lib/../lib64/:/opt/app/spack/opt/spack/linux-centos7-cascadelake/gcc-9.3.0/gcc-9.3.0-dbbauldxrmfyfdgmglkhbhgsr4ijo3ti/lib/gcc/x86_64-pc-linux-gnu/9.3.0/../../../:/lib/:/usr/lib/]
  ignore line: [COLLECT_GCC_OPTIONS='-v' '-o' 'cmTC_c8bc7' '-shared-libgcc' '-mtune=generic' '-march=x86-64']
  link line: [ /opt/app/spack/opt/spack/linux-centos7-cascadelake/gcc-9.3.0/gcc-9.3.0-dbbauldxrmfyfdgmglkhbhgsr4ijo3ti/libexec/gcc/x86_64-pc-linux-gnu/9.3.0/collect2 -plugin /opt/app/spack/opt/spack/linux-centos7-cascadelake/gcc-9.3.0/gcc-9.3.0-dbbauldxrmfyfdgmglkhbhgsr4ijo3ti/libexec/gcc/x86_64-pc-linux-gnu/9.3.0/liblto_plugin.so -plugin-opt=/opt/app/spack/opt/spack/linux-centos7-cascadelake/gcc-9.3.0/gcc-9.3.0-dbbauldxrmfyfdgmglkhbhgsr4ijo3ti/libexec/gcc/x86_64-pc-linux-gnu/9.3.0/lto-wrapper -plugin-opt=-fresolution=/tmp/cc2CLa6q.res -plugin-opt=-pass-through=-lgcc_s -plugin-opt=-pass-through=-lgcc -plugin-opt=-pass-through=-lc -plugin-opt=-pass-through=-lgcc_s -plugin-opt=-pass-through=-lgcc -rpath /opt/app/spack/opt/spack/linux-centos7-cascadelake/gcc-9.3.0/gcc-9.3.0-dbbauldxrmfyfdgmglkhbhgsr4ijo3ti/lib:/opt/app/spack/opt/spack/linux-centos7-cascadelake/gcc-9.3.0/gcc-9.3.0-dbbauldxrmfyfdgmglkhbhgsr4ijo3ti/lib64 --eh-frame-hdr -m elf_x86_64 -dynamic-linker /lib64/ld-linux-x86-64.so.2 -o cmTC_c8bc7 /lib/../lib64/crt1.o /lib/../lib64/crti.o /opt/app/spack/opt/spack/linux-centos7-cascadelake/gcc-9.3.0/gcc-9.3.0-dbbauldxrmfyfdgmglkhbhgsr4ijo3ti/lib/gcc/x86_64-pc-linux-gnu/9.3.0/crtbegin.o -L/opt/app/spack/opt/spack/linux-centos7-cascadelake/gcc-9.3.0/gcc-9.3.0-dbbauldxrmfyfdgmglkhbhgsr4ijo3ti/lib/gcc/x86_64-pc-linux-gnu/9.3.0 -L/opt/app/spack/opt/spack/linux-centos7-cascadelake/gcc-9.3.0/gcc-9.3.0-dbbauldxrmfyfdgmglkhbhgsr4ijo3ti/lib/gcc/x86_64-pc-linux-gnu/9.3.0/../../../../lib64 -L/lib/../lib64 -L/usr/lib/../lib64 -L/opt/app/spack/opt/spack/linux-centos7-cascadelake/gcc-9.3.0/gcc-9.3.0-dbbauldxrmfyfdgmglkhbhgsr4ijo3ti/lib/gcc/x86_64-pc-linux-gnu/9.3.0/../../.. CMakeFiles/cmTC_c8bc7.dir/CMakeCXXCompilerABI.cpp.o -lstdc++ -lm -lgcc_s -lgcc -lc -lgcc_s -lgcc /opt/app/spack/opt/spack/linux-centos7-cascadelake/gcc-9.3.0/gcc-9.3.0-dbbauldxrmfyfdgmglkhbhgsr4ijo3ti/lib/gcc/x86_64-pc-linux-gnu/9.3.0/crtend.o /lib/../lib64/crtn.o]
    arg [/opt/app/spack/opt/spack/linux-centos7-cascadelake/gcc-9.3.0/gcc-9.3.0-dbbauldxrmfyfdgmglkhbhgsr4ijo3ti/libexec/gcc/x86_64-pc-linux-gnu/9.3.0/collect2] ==> ignore
    arg [-plugin] ==> ignore
    arg [/opt/app/spack/opt/spack/linux-centos7-cascadelake/gcc-9.3.0/gcc-9.3.0-dbbauldxrmfyfdgmglkhbhgsr4ijo3ti/libexec/gcc/x86_64-pc-linux-gnu/9.3.0/liblto_plugin.so] ==> ignore
    arg [-plugin-opt=/opt/app/spack/opt/spack/linux-centos7-cascadelake/gcc-9.3.0/gcc-9.3.0-dbbauldxrmfyfdgmglkhbhgsr4ijo3ti/libexec/gcc/x86_64-pc-linux-gnu/9.3.0/lto-wrapper] ==> ignore
    arg [-plugin-opt=-fresolution=/tmp/cc2CLa6q.res] ==> ignore
    arg [-plugin-opt=-pass-through=-lgcc_s] ==> ignore
    arg [-plugin-opt=-pass-through=-lgcc] ==> ignore
    arg [-plugin-opt=-pass-through=-lc] ==> ignore
    arg [-plugin-opt=-pass-through=-lgcc_s] ==> ignore
    arg [-plugin-opt=-pass-through=-lgcc] ==> ignore
    arg [-rpath] ==> ignore
    arg [/opt/app/spack/opt/spack/linux-centos7-cascadelake/gcc-9.3.0/gcc-9.3.0-dbbauldxrmfyfdgmglkhbhgsr4ijo3ti/lib:/opt/app/spack/opt/spack/linux-centos7-cascadelake/gcc-9.3.0/gcc-9.3.0-dbbauldxrmfyfdgmglkhbhgsr4ijo3ti/lib64] ==> ignore
    arg [--eh-frame-hdr] ==> ignore
    arg [-m] ==> ignore
    arg [elf_x86_64] ==> ignore
    arg [-dynamic-linker] ==> ignore
    arg [/lib64/ld-linux-x86-64.so.2] ==> ignore
    arg [-o] ==> ignore
    arg [cmTC_c8bc7] ==> ignore
    arg [/lib/../lib64/crt1.o] ==> ignore
    arg [/lib/../lib64/crti.o] ==> ignore
    arg [/opt/app/spack/opt/spack/linux-centos7-cascadelake/gcc-9.3.0/gcc-9.3.0-dbbauldxrmfyfdgmglkhbhgsr4ijo3ti/lib/gcc/x86_64-pc-linux-gnu/9.3.0/crtbegin.o] ==> ignore
    arg [-L/opt/app/spack/opt/spack/linux-centos7-cascadelake/gcc-9.3.0/gcc-9.3.0-dbbauldxrmfyfdgmglkhbhgsr4ijo3ti/lib/gcc/x86_64-pc-linux-gnu/9.3.0] ==> dir [/opt/app/spack/opt/spack/linux-centos7-cascadelake/gcc-9.3.0/gcc-9.3.0-dbbauldxrmfyfdgmglkhbhgsr4ijo3ti/lib/gcc/x86_64-pc-linux-gnu/9.3.0]
    arg [-L/opt/app/spack/opt/spack/linux-centos7-cascadelake/gcc-9.3.0/gcc-9.3.0-dbbauldxrmfyfdgmglkhbhgsr4ijo3ti/lib/gcc/x86_64-pc-linux-gnu/9.3.0/../../../../lib64] ==> dir [/opt/app/spack/opt/spack/linux-centos7-cascadelake/gcc-9.3.0/gcc-9.3.0-dbbauldxrmfyfdgmglkhbhgsr4ijo3ti/lib/gcc/x86_64-pc-linux-gnu/9.3.0/../../../../lib64]
    arg [-L/lib/../lib64] ==> dir [/lib/../lib64]
    arg [-L/usr/lib/../lib64] ==> dir [/usr/lib/../lib64]
    arg [-L/opt/app/spack/opt/spack/linux-centos7-cascadelake/gcc-9.3.0/gcc-9.3.0-dbbauldxrmfyfdgmglkhbhgsr4ijo3ti/lib/gcc/x86_64-pc-linux-gnu/9.3.0/../../..] ==> dir [/opt/app/spack/opt/spack/linux-centos7-cascadelake/gcc-9.3.0/gcc-9.3.0-dbbauldxrmfyfdgmglkhbhgsr4ijo3ti/lib/gcc/x86_64-pc-linux-gnu/9.3.0/../../..]
    arg [CMakeFiles/cmTC_c8bc7.dir/CMakeCXXCompilerABI.cpp.o] ==> ignore
    arg [-lstdc++] ==> lib [stdc++]
    arg [-lm] ==> lib [m]
    arg [-lgcc_s] ==> lib [gcc_s]
    arg [-lgcc] ==> lib [gcc]
    arg [-lc] ==> lib [c]
    arg [-lgcc_s] ==> lib [gcc_s]
    arg [-lgcc] ==> lib [gcc]
    arg [/opt/app/spack/opt/spack/linux-centos7-cascadelake/gcc-9.3.0/gcc-9.3.0-dbbauldxrmfyfdgmglkhbhgsr4ijo3ti/lib/gcc/x86_64-pc-linux-gnu/9.3.0/crtend.o] ==> ignore
    arg [/lib/../lib64/crtn.o] ==> ignore
  collapse library dir [/opt/app/spack/opt/spack/linux-centos7-cascadelake/gcc-9.3.0/gcc-9.3.0-dbbauldxrmfyfdgmglkhbhgsr4ijo3ti/lib/gcc/x86_64-pc-linux-gnu/9.3.0] ==> [/opt/app/spack/opt/spack/linux-centos7-cascadelake/gcc-9.3.0/gcc-9.3.0-dbbauldxrmfyfdgmglkhbhgsr4ijo3ti/lib/gcc/x86_64-pc-linux-gnu/9.3.0]
  collapse library dir [/opt/app/spack/opt/spack/linux-centos7-cascadelake/gcc-9.3.0/gcc-9.3.0-dbbauldxrmfyfdgmglkhbhgsr4ijo3ti/lib/gcc/x86_64-pc-linux-gnu/9.3.0/../../../../lib64] ==> [/opt/app/spack/opt/spack/linux-centos7-cascadelake/gcc-9.3.0/gcc-9.3.0-dbbauldxrmfyfdgmglkhbhgsr4ijo3ti/lib64]
  collapse library dir [/lib/../lib64] ==> [/lib64]
  collapse library dir [/usr/lib/../lib64] ==> [/usr/lib64]
  collapse library dir [/opt/app/spack/opt/spack/linux-centos7-cascadelake/gcc-9.3.0/gcc-9.3.0-dbbauldxrmfyfdgmglkhbhgsr4ijo3ti/lib/gcc/x86_64-pc-linux-gnu/9.3.0/../../..] ==> [/opt/app/spack/opt/spack/linux-centos7-cascadelake/gcc-9.3.0/gcc-9.3.0-dbbauldxrmfyfdgmglkhbhgsr4ijo3ti/lib]
  implicit libs: [stdc++;m;gcc_s;gcc;c;gcc_s;gcc]
  implicit dirs: [/opt/app/spack/opt/spack/linux-centos7-cascadelake/gcc-9.3.0/gcc-9.3.0-dbbauldxrmfyfdgmglkhbhgsr4ijo3ti/lib/gcc/x86_64-pc-linux-gnu/9.3.0;/opt/app/spack/opt/spack/linux-centos7-cascadelake/gcc-9.3.0/gcc-9.3.0-dbbauldxrmfyfdgmglkhbhgsr4ijo3ti/lib64;/lib64;/usr/lib64;/opt/app/spack/opt/spack/linux-centos7-cascadelake/gcc-9.3.0/gcc-9.3.0-dbbauldxrmfyfdgmglkhbhgsr4ijo3ti/lib]
  implicit fwks: []


Determining if the include file pthread.h exists passed with the following output:
Change Dir: /home/leiyq2024/geant4_work/B0/build/CMakeFiles/CMakeTmp

Run Build Command(s):/usr/bin/gmake cmTC_31416/fast && /usr/bin/gmake  -f CMakeFiles/cmTC_31416.dir/build.make CMakeFiles/cmTC_31416.dir/build
gmake[1]: Entering directory `/home/leiyq2024/geant4_work/B0/build/CMakeFiles/CMakeTmp'
Building C object CMakeFiles/cmTC_31416.dir/CheckIncludeFile.c.o
/opt/app/spack/opt/spack/linux-centos7-cascadelake/gcc-9.3.0/gcc-9.3.0-dbbauldxrmfyfdgmglkhbhgsr4ijo3ti/bin/gcc    -o CMakeFiles/cmTC_31416.dir/CheckIncludeFile.c.o -c /home/leiyq2024/geant4_work/B0/build/CMakeFiles/CMakeTmp/CheckIncludeFile.c
Linking C executable cmTC_31416
/opt/app/spack/opt/spack/linux-centos7-cascadelake/gcc-9.3.0/cmake-3.19.5-3rytwgxrsuwtsrjkxxgnzvm6arm3ihdr/bin/cmake -E cmake_link_script CMakeFiles/cmTC_31416.dir/link.txt --verbose=1
/opt/app/spack/opt/spack/linux-centos7-cascadelake/gcc-9.3.0/gcc-9.3.0-dbbauldxrmfyfdgmglkhbhgsr4ijo3ti/bin/gcc CMakeFiles/cmTC_31416.dir/CheckIncludeFile.c.o -o cmTC_31416 
gmake[1]: Leaving directory `/home/leiyq2024/geant4_work/B0/build/CMakeFiles/CMakeTmp'



Determining if the function XOpenDisplay exists in the /usr/lib64/libX11.so;/usr/lib64/libXext.so passed with the following output:
Change Dir: /home/leiyq2024/geant4_work/B0/build/CMakeFiles/CMakeTmp

Run Build Command(s):/usr/bin/gmake cmTC_f1899/fast && /usr/bin/gmake  -f CMakeFiles/cmTC_f1899.dir/build.make CMakeFiles/cmTC_f1899.dir/build
gmake[1]: Entering directory `/home/leiyq2024/geant4_work/B0/build/CMakeFiles/CMakeTmp'
Building C object CMakeFiles/cmTC_f1899.dir/CheckFunctionExists.c.o
/opt/app/spack/opt/spack/linux-centos7-cascadelake/gcc-9.3.0/gcc-9.3.0-dbbauldxrmfyfdgmglkhbhgsr4ijo3ti/bin/gcc   -DCHECK_FUNCTION_EXISTS=XOpenDisplay -o CMakeFiles/cmTC_f1899.dir/CheckFunctionExists.c.o -c /opt/app/spack/opt/spack/linux-centos7-cascadelake/gcc-9.3.0/cmake-3.19.5-3rytwgxrsuwtsrjkxxgnzvm6arm3ihdr/share/cmake-3.19/Modules/CheckFunctionExists.c
Linking C executable cmTC_f1899
/opt/app/spack/opt/spack/linux-centos7-cascadelake/gcc-9.3.0/cmake-3.19.5-3rytwgxrsuwtsrjkxxgnzvm6arm3ihdr/bin/cmake -E cmake_link_script CMakeFiles/cmTC_f1899.dir/link.txt --verbose=1
/opt/app/spack/opt/spack/linux-centos7-cascadelake/gcc-9.3.0/gcc-9.3.0-dbbauldxrmfyfdgmglkhbhgsr4ijo3ti/bin/gcc  -DCHECK_FUNCTION_EXISTS=XOpenDisplay CMakeFiles/cmTC_f1899.dir/CheckFunctionExists.c.o -o cmTC_f1899  /usr/lib64/libX11.so /usr/lib64/libXext.so 
gmake[1]: Leaving directory `/home/leiyq2024/geant4_work/B0/build/CMakeFiles/CMakeTmp'



Determining if the function gethostbyname exists passed with the following output:
Change Dir: /home/leiyq2024/geant4_work/B0/build/CMakeFiles/CMakeTmp

Run Build Command(s):/usr/bin/gmake cmTC_8629b/fast && /usr/bin/gmake  -f CMakeFiles/cmTC_8629b.dir/build.make CMakeFiles/cmTC_8629b.dir/build
gmake[1]: Entering directory `/home/leiyq2024/geant4_work/B0/build/CMakeFiles/CMakeTmp'
Building C object CMakeFiles/cmTC_8629b.dir/CheckFunctionExists.c.o
/opt/app/spack/opt/spack/linux-centos7-cascadelake/gcc-9.3.0/gcc-9.3.0-dbbauldxrmfyfdgmglkhbhgsr4ijo3ti/bin/gcc   -DCHECK_FUNCTION_EXISTS=gethostbyname -o CMakeFiles/cmTC_8629b.dir/CheckFunctionExists.c.o -c /opt/app/spack/opt/spack/linux-centos7-cascadelake/gcc-9.3.0/cmake-3.19.5-3rytwgxrsuwtsrjkxxgnzvm6arm3ihdr/share/cmake-3.19/Modules/CheckFunctionExists.c
Linking C executable cmTC_8629b
/opt/app/spack/opt/spack/linux-centos7-cascadelake/gcc-9.3.0/cmake-3.19.5-3rytwgxrsuwtsrjkxxgnzvm6arm3ihdr/bin/cmake -E cmake_link_script CMakeFiles/cmTC_8629b.dir/link.txt --verbose=1
/opt/app/spack/opt/spack/linux-centos7-cascadelake/gcc-9.3.0/gcc-9.3.0-dbbauldxrmfyfdgmglkhbhgsr4ijo3ti/bin/gcc  -DCHECK_FUNCTION_EXISTS=gethostbyname CMakeFiles/cmTC_8629b.dir/CheckFunctionExists.c.o -o cmTC_8629b 
gmake[1]: Leaving directory `/home/leiyq2024/geant4_work/B0/build/CMakeFiles/CMakeTmp'



Determining if the function connect exists passed with the following output:
Change Dir: /home/leiyq2024/geant4_work/B0/build/CMakeFiles/CMakeTmp

Run Build Command(s):/usr/bin/gmake cmTC_b80eb/fast && /usr/bin/gmake  -f CMakeFiles/cmTC_b80eb.dir/build.make CMakeFiles/cmTC_b80eb.dir/build
gmake[1]: Entering directory `/home/leiyq2024/geant4_work/B0/build/CMakeFiles/CMakeTmp'
Building C object CMakeFiles/cmTC_b80eb.dir/CheckFunctionExists.c.o
/opt/app/spack/opt/spack/linux-centos7-cascadelake/gcc-9.3.0/gcc-9.3.0-dbbauldxrmfyfdgmglkhbhgsr4ijo3ti/bin/gcc   -DCHECK_FUNCTION_EXISTS=connect -o CMakeFiles/cmTC_b80eb.dir/CheckFunctionExists.c.o -c /opt/app/spack/opt/spack/linux-centos7-cascadelake/gcc-9.3.0/cmake-3.19.5-3rytwgxrsuwtsrjkxxgnzvm6arm3ihdr/share/cmake-3.19/Modules/CheckFunctionExists.c
Linking C executable cmTC_b80eb
/opt/app/spack/opt/spack/linux-centos7-cascadelake/gcc-9.3.0/cmake-3.19.5-3rytwgxrsuwtsrjkxxgnzvm6arm3ihdr/bin/cmake -E cmake_link_script CMakeFiles/cmTC_b80eb.dir/link.txt --verbose=1
/opt/app/spack/opt/spack/linux-centos7-cascadelake/gcc-9.3.0/gcc-9.3.0-dbbauldxrmfyfdgmglkhbhgsr4ijo3ti/bin/gcc  -DCHECK_FUNCTION_EXISTS=connect CMakeFiles/cmTC_b80eb.dir/CheckFunctionExists.c.o -o cmTC_b80eb 
gmake[1]: Leaving directory `/home/leiyq2024/geant4_work/B0/build/CMakeFiles/CMakeTmp'



Determining if the function remove exists passed with the following output:
Change Dir: /home/leiyq2024/geant4_work/B0/build/CMakeFiles/CMakeTmp

Run Build Command(s):/usr/bin/gmake cmTC_248cd/fast && /usr/bin/gmake  -f CMakeFiles/cmTC_248cd.dir/build.make CMakeFiles/cmTC_248cd.dir/build
gmake[1]: Entering directory `/home/leiyq2024/geant4_work/B0/build/CMakeFiles/CMakeTmp'
Building C object CMakeFiles/cmTC_248cd.dir/CheckFunctionExists.c.o
/opt/app/spack/opt/spack/linux-centos7-cascadelake/gcc-9.3.0/gcc-9.3.0-dbbauldxrmfyfdgmglkhbhgsr4ijo3ti/bin/gcc   -DCHECK_FUNCTION_EXISTS=remove -o CMakeFiles/cmTC_248cd.dir/CheckFunctionExists.c.o -c /opt/app/spack/opt/spack/linux-centos7-cascadelake/gcc-9.3.0/cmake-3.19.5-3rytwgxrsuwtsrjkxxgnzvm6arm3ihdr/share/cmake-3.19/Modules/CheckFunctionExists.c
Linking C executable cmTC_248cd
/opt/app/spack/opt/spack/linux-centos7-cascadelake/gcc-9.3.0/cmake-3.19.5-3rytwgxrsuwtsrjkxxgnzvm6arm3ihdr/bin/cmake -E cmake_link_script CMakeFiles/cmTC_248cd.dir/link.txt --verbose=1
/opt/app/spack/opt/spack/linux-centos7-cascadelake/gcc-9.3.0/gcc-9.3.0-dbbauldxrmfyfdgmglkhbhgsr4ijo3ti/bin/gcc  -DCHECK_FUNCTION_EXISTS=remove CMakeFiles/cmTC_248cd.dir/CheckFunctionExists.c.o -o cmTC_248cd 
gmake[1]: Leaving directory `/home/leiyq2024/geant4_work/B0/build/CMakeFiles/CMakeTmp'



Determining if the function shmat exists passed with the following output:
Change Dir: /home/leiyq2024/geant4_work/B0/build/CMakeFiles/CMakeTmp

Run Build Command(s):/usr/bin/gmake cmTC_cf8dd/fast && /usr/bin/gmake  -f CMakeFiles/cmTC_cf8dd.dir/build.make CMakeFiles/cmTC_cf8dd.dir/build
gmake[1]: Entering directory `/home/leiyq2024/geant4_work/B0/build/CMakeFiles/CMakeTmp'
Building C object CMakeFiles/cmTC_cf8dd.dir/CheckFunctionExists.c.o
/opt/app/spack/opt/spack/linux-centos7-cascadelake/gcc-9.3.0/gcc-9.3.0-dbbauldxrmfyfdgmglkhbhgsr4ijo3ti/bin/gcc   -DCHECK_FUNCTION_EXISTS=shmat -o CMakeFiles/cmTC_cf8dd.dir/CheckFunctionExists.c.o -c /opt/app/spack/opt/spack/linux-centos7-cascadelake/gcc-9.3.0/cmake-3.19.5-3rytwgxrsuwtsrjkxxgnzvm6arm3ihdr/share/cmake-3.19/Modules/CheckFunctionExists.c
Linking C executable cmTC_cf8dd
/opt/app/spack/opt/spack/linux-centos7-cascadelake/gcc-9.3.0/cmake-3.19.5-3rytwgxrsuwtsrjkxxgnzvm6arm3ihdr/bin/cmake -E cmake_link_script CMakeFiles/cmTC_cf8dd.dir/link.txt --verbose=1
/opt/app/spack/opt/spack/linux-centos7-cascadelake/gcc-9.3.0/gcc-9.3.0-dbbauldxrmfyfdgmglkhbhgsr4ijo3ti/bin/gcc  -DCHECK_FUNCTION_EXISTS=shmat CMakeFiles/cmTC_cf8dd.dir/CheckFunctionExists.c.o -o cmTC_cf8dd 
gmake[1]: Leaving directory `/home/leiyq2024/geant4_work/B0/build/CMakeFiles/CMakeTmp'



Determining if the function IceConnectionNumber exists in the ICE passed with the following output:
Change Dir: /home/leiyq2024/geant4_work/B0/build/CMakeFiles/CMakeTmp

Run Build Command(s):/usr/bin/gmake cmTC_cffaf/fast && /usr/bin/gmake  -f CMakeFiles/cmTC_cffaf.dir/build.make CMakeFiles/cmTC_cffaf.dir/build
gmake[1]: Entering directory `/home/leiyq2024/geant4_work/B0/build/CMakeFiles/CMakeTmp'
Building C object CMakeFiles/cmTC_cffaf.dir/CheckFunctionExists.c.o
/opt/app/spack/opt/spack/linux-centos7-cascadelake/gcc-9.3.0/gcc-9.3.0-dbbauldxrmfyfdgmglkhbhgsr4ijo3ti/bin/gcc   -DCHECK_FUNCTION_EXISTS=IceConnectionNumber -o CMakeFiles/cmTC_cffaf.dir/CheckFunctionExists.c.o -c /opt/app/spack/opt/spack/linux-centos7-cascadelake/gcc-9.3.0/cmake-3.19.5-3rytwgxrsuwtsrjkxxgnzvm6arm3ihdr/share/cmake-3.19/Modules/CheckFunctionExists.c
Linking C executable cmTC_cffaf
/opt/app/spack/opt/spack/linux-centos7-cascadelake/gcc-9.3.0/cmake-3.19.5-3rytwgxrsuwtsrjkxxgnzvm6arm3ihdr/bin/cmake -E cmake_link_script CMakeFiles/cmTC_cffaf.dir/link.txt --verbose=1
/opt/app/spack/opt/spack/linux-centos7-cascadelake/gcc-9.3.0/gcc-9.3.0-dbbauldxrmfyfdgmglkhbhgsr4ijo3ti/bin/gcc  -DCHECK_FUNCTION_EXISTS=IceConnectionNumber CMakeFiles/cmTC_cffaf.dir/CheckFunctionExists.c.o -o cmTC_cffaf  -lICE 
gmake[1]: Leaving directory `/home/leiyq2024/geant4_work/B0/build/CMakeFiles/CMakeTmp'



