Performing C SOURCE FILE Test CMAKE_HAVE_LIBC_PTHREAD failed with the following output:
Change Dir: /home/leiyq2024/geant4_work/B0/build/CMakeFiles/CMakeTmp

Run Build Command(s):/usr/bin/gmake cmTC_9d1f0/fast && /usr/bin/gmake  -f CMakeFiles/cmTC_9d1f0.dir/build.make CMakeFiles/cmTC_9d1f0.dir/build
gmake[1]: Entering directory `/home/leiyq2024/geant4_work/B0/build/CMakeFiles/CMakeTmp'
Building C object CMakeFiles/cmTC_9d1f0.dir/src.c.o
/opt/app/spack/opt/spack/linux-centos7-cascadelake/gcc-9.3.0/gcc-9.3.0-dbbauldxrmfyfdgmglkhbhgsr4ijo3ti/bin/gcc -DCMAKE_HAVE_LIBC_PTHREAD   -o CMakeFiles/cmTC_9d1f0.dir/src.c.o -c /home/leiyq2024/geant4_work/B0/build/CMakeFiles/CMakeTmp/src.c
Linking C executable cmTC_9d1f0
/opt/app/spack/opt/spack/linux-centos7-cascadelake/gcc-9.3.0/cmake-3.19.5-3rytwgxrsuwtsrjkxxgnzvm6arm3ihdr/bin/cmake -E cmake_link_script CMakeFiles/cmTC_9d1f0.dir/link.txt --verbose=1
/opt/app/spack/opt/spack/linux-centos7-cascadelake/gcc-9.3.0/gcc-9.3.0-dbbauldxrmfyfdgmglkhbhgsr4ijo3ti/bin/gcc CMakeFiles/cmTC_9d1f0.dir/src.c.o -o cmTC_9d1f0 
/opt/app/spack/opt/spack/linux-centos7-cascadelake/gcc-9.3.0/binutils-2.36.1-7iujcskw66k22vbebfqlgjpzzde6bm74/bin/ld: CMakeFiles/cmTC_9d1f0.dir/src.c.o: in function `main':
src.c:(.text+0x2d): undefined reference to `pthread_create'
/opt/app/spack/opt/spack/linux-centos7-cascadelake/gcc-9.3.0/binutils-2.36.1-7iujcskw66k22vbebfqlgjpzzde6bm74/bin/ld: src.c:(.text+0x39): undefined reference to `pthread_detach'
/opt/app/spack/opt/spack/linux-centos7-cascadelake/gcc-9.3.0/binutils-2.36.1-7iujcskw66k22vbebfqlgjpzzde6bm74/bin/ld: src.c:(.text+0x45): undefined reference to `pthread_cancel'
/opt/app/spack/opt/spack/linux-centos7-cascadelake/gcc-9.3.0/binutils-2.36.1-7iujcskw66k22vbebfqlgjpzzde6bm74/bin/ld: src.c:(.text+0x56): undefined reference to `pthread_join'
/opt/app/spack/opt/spack/linux-centos7-cascadelake/gcc-9.3.0/binutils-2.36.1-7iujcskw66k22vbebfqlgjpzzde6bm74/bin/ld: src.c:(.text+0x6a): undefined reference to `pthread_atfork'
collect2: error: ld returned 1 exit status
gmake[1]: *** [cmTC_9d1f0] Error 1
gmake[1]: Leaving directory `/home/leiyq2024/geant4_work/B0/build/CMakeFiles/CMakeTmp'
gmake: *** [cmTC_9d1f0/fast] Error 2


Source file was:
#include <pthread.h>

static void* test_func(void* data)
{
  return data;
}

int main(void)
{
  pthread_t thread;
  pthread_create(&thread, NULL, test_func, NULL);
  pthread_detach(thread);
  pthread_cancel(thread);
  pthread_join(thread, NULL);
  pthread_atfork(NULL, NULL, NULL);
  pthread_exit(NULL);

  return 0;
}

